no change     /home/lkemp/miniconda3/condabin/conda
no change     /home/lkemp/miniconda3/bin/conda
no change     /home/lkemp/miniconda3/bin/conda-env
no change     /home/lkemp/miniconda3/bin/activate
no change     /home/lkemp/miniconda3/bin/deactivate
no change     /home/lkemp/miniconda3/etc/profile.d/conda.sh
no change     /home/lkemp/miniconda3/etc/fish/conf.d/conda.fish
no change     /home/lkemp/miniconda3/shell/condabin/Conda.psm1
no change     /home/lkemp/miniconda3/shell/condabin/conda-hook.ps1
no change     /home/lkemp/miniconda3/lib/python3.7/site-packages/xontrib/conda.xsh
no change     /home/lkemp/miniconda3/etc/profile.d/conda.csh
no change     /home/lkemp/.bashrc
No action taken.
Transaction

  Prefix: /home/lkemp/miniconda3/envs/cutesv.2.0.2

  Updating specs:

   - cutesv=2.0.2


  Package                  Version  Build                Channel                    Size
──────────────────────────────────────────────────────────────────────────────────────────
  Install:
──────────────────────────────────────────────────────────────────────────────────────────

  + _libgcc_mutex              0.1  conda_forge          conda-forge/linux-64     Cached
  + _openmp_mutex              4.5  2_gnu                conda-forge/linux-64     Cached
  + biopython                 1.80  py39hb9d737c_0       conda-forge/linux-64     Cached
  + bzip2                    1.0.8  h7f98852_4           conda-forge/linux-64     Cached
  + c-ares                  1.18.1  h7f98852_0           conda-forge/linux-64     Cached
  + ca-certificates      2022.12.7  ha878542_0           conda-forge/linux-64     Cached
  + cigar                    0.1.3  pyh864c0ab_1         bioconda/noarch          Cached
  + cutesv                   2.0.2  pyhdfd78af_0         bioconda/noarch          Cached
  + keyutils                 1.6.1  h166bdaf_0           conda-forge/linux-64     Cached
  + krb5                    1.20.1  hf9c8cef_0           conda-forge/linux-64     Cached
  + ld_impl_linux-64          2.39  hcc3a1bd_1           conda-forge/linux-64     Cached
  + libblas                  3.9.0  16_linux64_openblas  conda-forge/linux-64     Cached
  + libcblas                 3.9.0  16_linux64_openblas  conda-forge/linux-64     Cached
  + libcurl                 7.87.0  h6312ad2_0           conda-forge/linux-64     Cached
  + libdeflate                1.13  h166bdaf_0           conda-forge/linux-64     Cached
  + libedit           3.1.20191231  he28a2e2_2           conda-forge/linux-64     Cached
  + libev                     4.33  h516909a_1           conda-forge/linux-64     Cached
  + libffi                   3.4.2  h7f98852_5           conda-forge/linux-64     Cached
  + libgcc-ng               12.2.0  h65d4601_19          conda-forge/linux-64     Cached
  + libgfortran-ng          12.2.0  h69a702a_19          conda-forge/linux-64     Cached
  + libgfortran5            12.2.0  h337968e_19          conda-forge/linux-64     Cached
  + libgomp                 12.2.0  h65d4601_19          conda-forge/linux-64     Cached
  + liblapack                3.9.0  16_linux64_openblas  conda-forge/linux-64     Cached
  + libnghttp2              1.47.0  hdcd2b5c_1           conda-forge/linux-64     Cached
  + libnsl                   2.0.0  h7f98852_0           conda-forge/linux-64     Cached
  + libopenblas             0.3.21  pthreads_h78a6416_3  conda-forge/linux-64     Cached
  + libsqlite               3.40.0  h753d276_0           conda-forge/linux-64     Cached
  + libssh2                 1.10.0  haa6b8db_3           conda-forge/linux-64     Cached
  + libstdcxx-ng            12.2.0  h46fd767_19          conda-forge/linux-64     Cached
  + libuuid                 2.32.1  h7f98852_1000        conda-forge/linux-64     Cached
  + libzlib                 1.2.13  h166bdaf_4           conda-forge/linux-64     Cached
  + ncurses                    6.3  h27087fc_1           conda-forge/linux-64     Cached
  + numpy                   1.24.0  py39h223a676_0       conda-forge/linux-64     Cached
  + openssl                 1.1.1s  h0b41bf4_1           conda-forge/linux-64     Cached
  + pip                     22.3.1  pyhd8ed1ab_0         conda-forge/noarch       Cached
  + pysam                   0.20.0  py39h9abd093_0       bioconda/linux-64        Cached
  + python                  3.9.15  h47a2c10_0_cpython   conda-forge/linux-64     Cached
  + python_abi                 3.9  3_cp39               conda-forge/linux-64     Cached
  + pyvcf                    0.6.8  py39hde42818_1002    conda-forge/linux-64     Cached
  + readline                 8.1.2  h0f457ee_0           conda-forge/linux-64     Cached
  + setuptools              65.6.3  pyhd8ed1ab_0         conda-forge/noarch       Cached
  + tk                      8.6.12  h27826a3_0           conda-forge/linux-64     Cached
  + tzdata                   2022g  h191b570_0           conda-forge/noarch       Cached
  + wheel                   0.38.4  pyhd8ed1ab_0         conda-forge/noarch       Cached
  + xz                       5.2.6  h166bdaf_0           conda-forge/linux-64     Cached
  + zlib                    1.2.13  h166bdaf_4           conda-forge/linux-64     Cached

  Summary:

  Install: 46 packages

  Total download: 0 B

──────────────────────────────────────────────────────────────────────────────────────────



Looking for: ['cutesv=2.0.2']


Preparing transaction: ...working... done
Verifying transaction: ...working... done
Executing transaction: ...working... done
#
# To activate this environment, use
#
#     $ conda activate cutesv.2.0.2
#
# To deactivate an active environment, use
#
#     $ conda deactivate

2022-12-22 23:11:25,565 [INFO] Running /home/lkemp/miniconda3/envs/cutesv.2.0.2/bin/cuteSV -t 16 --max_cluster_bias_INS 100 --diff_ratio_merging_INS 0.3 --max_cluster_bias_DEL 100 --diff_ratio_merging_DEL 0.3 /NGS/humangenomics/active/2022/run/ont_human_workflow//results/04-ont-whatshap-phase/AB1052A/AB1052A_sorted_merged.hp.bam /NGS/clinicalgenomics/public_data/encode/GRCh38/GRCh38_no_alt_analysis_set_GCA_000001405.15.fasta /NGS/humangenomics/active/2022/run/ont_human_workflow//results/06-ont-sv-cutesv/AB1052A/AB1052A_sv_cutesv.vcf /NGS/humangenomics/active/2022/run/ont_human_workflow//results/06-ont-sv-cutesv/AB1052A/cutesv_tmp/
2022-12-22 23:11:25,634 [INFO] The total number of chromsomes: 195
2022-12-22 23:11:25,745 [INFO] Skip chr1:130000000-140000000.
2022-12-22 23:11:30,809 [INFO] Finished chr1:70000000-80000000.
2022-12-22 23:11:31,440 [INFO] Finished chr1:80000000-90000000.
2022-12-22 23:11:31,559 [INFO] Finished chr1:100000000-110000000.
2022-12-22 23:11:31,620 [INFO] Finished chr1:90000000-100000000.
2022-12-22 23:11:32,671 [INFO] Finished chr1:60000000-70000000.
2022-12-22 23:11:33,329 [INFO] Finished chr1:110000000-120000000.
2022-12-22 23:11:33,491 [INFO] Finished chr1:50000000-60000000.
2022-12-22 23:11:33,929 [INFO] Finished chr1:30000000-40000000.
2022-12-22 23:11:34,154 [INFO] Finished chr1:160000000-170000000.
2022-12-22 23:11:34,162 [INFO] Finished chr1:40000000-50000000.
2022-12-22 23:11:34,663 [INFO] Finished chr1:20000000-30000000.
2022-12-22 23:11:34,998 [INFO] Finished chr1:190000000-200000000.
2022-12-22 23:11:35,030 [INFO] Finished chr1:150000000-160000000.
2022-12-22 23:11:35,051 [INFO] Finished chr1:10000000-20000000.
2022-12-22 23:11:35,888 [INFO] Finished chr1:170000000-180000000.
2022-12-22 23:11:35,898 [INFO] Finished chr1:180000000-190000000.
2022-12-22 23:11:35,922 [INFO] Finished chr1:0-10000000.
2022-12-22 23:11:36,451 [INFO] Finished chr1:210000000-220000000.
2022-12-22 23:11:36,705 [INFO] Finished chr2:10000000-20000000.
2022-12-22 23:11:37,143 [INFO] Finished chr1:120000000-130000000.
2022-12-22 23:11:37,487 [INFO] Finished chr1:230000000-240000000.
2022-12-22 23:11:37,545 [INFO] Finished chr1:200000000-210000000.
2022-12-22 23:11:37,560 [INFO] Finished chr1:220000000-230000000.
2022-12-22 23:11:37,772 [INFO] Finished chr1:240000000-248956422.
2022-12-22 23:11:37,774 [INFO] Finished chr2:0-10000000.
2022-12-22 23:11:38,174 [INFO] Finished chr2:50000000-60000000.
2022-12-22 23:11:39,279 [INFO] Finished chr2:40000000-50000000.
2022-12-22 23:11:39,528 [INFO] Finished chr2:20000000-30000000.
2022-12-22 23:11:39,986 [INFO] Finished chr1:140000000-150000000.
2022-12-22 23:11:40,000 [INFO] Finished chr2:70000000-80000000.
2022-12-22 23:11:40,010 [INFO] Finished chr2:60000000-70000000.
2022-12-22 23:11:40,419 [INFO] Finished chr2:80000000-90000000.
2022-12-22 23:11:40,538 [INFO] Finished chr2:30000000-40000000.
2022-12-22 23:11:41,117 [INFO] Finished chr2:140000000-150000000.
2022-12-22 23:11:41,183 [INFO] Finished chr2:120000000-130000000.
2022-12-22 23:11:41,184 [INFO] Finished chr2:110000000-120000000.
2022-12-22 23:11:41,184 [INFO] Finished chr2:130000000-140000000.
2022-12-22 23:11:41,185 [INFO] Finished chr2:150000000-160000000.
2022-12-22 23:11:41,185 [INFO] Finished chr2:90000000-100000000.
2022-12-22 23:11:41,189 [INFO] Finished chr2:100000000-110000000.
2022-12-22 23:11:41,219 [INFO] Finished chr2:160000000-170000000.
2022-12-22 23:11:41,509 [INFO] Finished chr2:180000000-190000000.
2022-12-22 23:11:41,700 [INFO] Finished chr2:170000000-180000000.
2022-12-22 23:11:41,917 [INFO] Finished chr2:190000000-200000000.
2022-12-22 23:11:42,158 [INFO] Finished chr2:240000000-242193529.
2022-12-22 23:11:42,859 [INFO] Finished chr2:220000000-230000000.
2022-12-22 23:11:43,650 [INFO] Finished chr2:210000000-220000000.
2022-12-22 23:11:43,810 [INFO] Finished chr2:200000000-210000000.
2022-12-22 23:11:44,332 [INFO] Finished chr3:80000000-90000000.
2022-12-22 23:11:44,394 [INFO] Finished chr3:20000000-30000000.
2022-12-22 23:11:44,632 [INFO] Finished chr3:70000000-80000000.
2022-12-22 23:11:44,640 [INFO] Finished chr3:0-10000000.
2022-12-22 23:11:44,662 [INFO] Finished chr2:230000000-240000000.
2022-12-22 23:11:44,831 [INFO] Finished chr3:30000000-40000000.
2022-12-22 23:11:45,166 [INFO] Finished chr3:100000000-110000000.
2022-12-22 23:11:45,258 [INFO] Finished chr3:60000000-70000000.
2022-12-22 23:11:45,320 [INFO] Finished chr3:10000000-20000000.
2022-12-22 23:11:45,796 [INFO] Finished chr3:50000000-60000000.
2022-12-22 23:11:45,823 [INFO] Finished chr3:110000000-120000000.
2022-12-22 23:11:45,920 [INFO] Finished chr3:90000000-100000000.
2022-12-22 23:11:46,045 [INFO] Finished chr3:40000000-50000000.
2022-12-22 23:11:46,631 [INFO] Finished chr3:160000000-170000000.
2022-12-22 23:11:46,751 [INFO] Finished chr3:140000000-150000000.
2022-12-22 23:11:47,330 [INFO] Finished chr3:130000000-140000000.
2022-12-22 23:11:47,817 [INFO] Finished chr3:150000000-160000000.
2022-12-22 23:11:48,246 [INFO] Finished chr4:30000000-40000000.
2022-12-22 23:11:48,247 [INFO] Finished chr3:170000000-180000000.
2022-12-22 23:11:48,272 [INFO] Finished chr3:120000000-130000000.
2022-12-22 23:11:48,340 [INFO] Finished chr4:20000000-30000000.
2022-12-22 23:11:48,493 [INFO] Finished chr4:10000000-20000000.
2022-12-22 23:11:48,516 [INFO] Finished chr3:190000000-198295559.
2022-12-22 23:11:48,861 [INFO] Finished chr4:60000000-70000000.
2022-12-22 23:11:49,013 [INFO] Finished chr3:180000000-190000000.
2022-12-22 23:11:49,844 [INFO] Finished chr4:90000000-100000000.
2022-12-22 23:11:50,124 [INFO] Finished chr4:50000000-60000000.
2022-12-22 23:11:50,360 [INFO] Finished chr4:190000000-190214555.
2022-12-22 23:11:50,403 [INFO] Finished chr4:130000000-140000000.
2022-12-22 23:11:50,411 [INFO] Finished chr4:70000000-80000000.
2022-12-22 23:11:50,598 [INFO] Finished chr4:170000000-180000000.
2022-12-22 23:11:50,715 [INFO] Finished chr4:120000000-130000000.
2022-12-22 23:11:50,931 [INFO] Finished chr4:0-10000000.
2022-12-22 23:11:50,986 [INFO] Finished chr4:100000000-110000000.
2022-12-22 23:11:50,987 [INFO] Finished chr4:80000000-90000000.
2022-12-22 23:11:50,989 [INFO] Finished chr4:140000000-150000000.
2022-12-22 23:11:50,989 [INFO] Finished chr4:160000000-170000000.
2022-12-22 23:11:50,989 [INFO] Finished chr4:110000000-120000000.
2022-12-22 23:11:51,111 [INFO] Finished chr4:150000000-160000000.
2022-12-22 23:11:52,093 [INFO] Finished chr5:20000000-30000000.
2022-12-22 23:11:52,659 [INFO] Finished chr4:180000000-190000000.
2022-12-22 23:11:53,309 [INFO] Finished chr4:40000000-50000000.
2022-12-22 23:11:53,817 [INFO] Finished chr5:10000000-20000000.
2022-12-22 23:11:53,825 [INFO] Finished chr5:0-10000000.
2022-12-22 23:11:53,865 [INFO] Finished chr5:50000000-60000000.
2022-12-22 23:11:54,191 [INFO] Finished chr5:30000000-40000000.
2022-12-22 23:11:54,298 [INFO] Finished chr5:100000000-110000000.
2022-12-22 23:11:54,767 [INFO] Finished chr5:60000000-70000000.
2022-12-22 23:11:54,822 [INFO] Finished chr5:120000000-130000000.
2022-12-22 23:11:55,224 [INFO] Finished chr5:90000000-100000000.
2022-12-22 23:11:55,254 [INFO] Finished chr5:40000000-50000000.
2022-12-22 23:11:55,263 [INFO] Finished chr5:80000000-90000000.
2022-12-22 23:11:55,422 [INFO] Finished chr5:110000000-120000000.
2022-12-22 23:11:56,006 [INFO] Finished chr5:180000000-181538259.
2022-12-22 23:11:56,510 [INFO] Finished chr5:70000000-80000000.
2022-12-22 23:11:56,728 [INFO] Finished chr5:130000000-140000000.
2022-12-22 23:11:57,582 [INFO] Finished chr5:160000000-170000000.
2022-12-22 23:11:57,759 [INFO] Finished chr6:60000000-70000000.
2022-12-22 23:11:57,973 [INFO] Finished chr5:150000000-160000000.
2022-12-22 23:11:58,103 [INFO] Finished chr5:140000000-150000000.
2022-12-22 23:11:58,340 [INFO] Finished chr6:70000000-80000000.
2022-12-22 23:11:58,665 [INFO] Finished chr6:90000000-100000000.
2022-12-22 23:11:58,673 [INFO] Finished chr6:80000000-90000000.
2022-12-22 23:11:58,674 [INFO] Finished chr6:0-10000000.
2022-12-22 23:11:58,707 [INFO] Finished chr6:10000000-20000000.
2022-12-22 23:11:58,952 [INFO] Finished chr6:40000000-50000000.
2022-12-22 23:11:58,952 [INFO] Finished chr6:20000000-30000000.
2022-12-22 23:11:58,957 [INFO] Finished chr5:170000000-180000000.
2022-12-22 23:11:59,046 [INFO] Finished chr6:100000000-110000000.
2022-12-22 23:11:59,343 [INFO] Finished chr6:170000000-170805979.
2022-12-22 23:11:59,406 [INFO] Finished chr6:50000000-60000000.
2022-12-22 23:11:59,582 [INFO] Finished chr6:110000000-120000000.
2022-12-22 23:11:59,601 [INFO] Finished chr6:120000000-130000000.
2022-12-22 23:12:00,399 [INFO] Finished chr6:30000000-40000000.
2022-12-22 23:12:00,620 [INFO] Finished chr6:130000000-140000000.
2022-12-22 23:12:00,621 [INFO] Finished chr7:10000000-20000000.
2022-12-22 23:12:00,654 [INFO] Finished chr6:140000000-150000000.
2022-12-22 23:12:01,721 [INFO] Finished chr7:60000000-70000000.
2022-12-22 23:12:01,776 [INFO] Finished chr6:150000000-160000000.
2022-12-22 23:12:01,781 [INFO] Finished chr7:50000000-60000000.
2022-12-22 23:12:02,038 [INFO] Finished chr6:160000000-170000000.
2022-12-22 23:12:02,094 [INFO] Finished chr7:80000000-90000000.
2022-12-22 23:12:02,554 [INFO] Finished chr7:20000000-30000000.
2022-12-22 23:12:02,790 [INFO] Finished chr7:30000000-40000000.
2022-12-22 23:12:02,794 [INFO] Finished chr7:40000000-50000000.
2022-12-22 23:12:03,171 [INFO] Finished chr7:110000000-120000000.
2022-12-22 23:12:03,994 [INFO] Finished chr7:90000000-100000000.
2022-12-22 23:12:04,164 [INFO] Finished chr7:0-10000000.
2022-12-22 23:12:04,186 [INFO] Finished chr7:70000000-80000000.
2022-12-22 23:12:04,324 [INFO] Finished chr7:100000000-110000000.
2022-12-22 23:12:04,334 [INFO] Finished chr7:120000000-130000000.
2022-12-22 23:12:04,424 [INFO] Finished chr7:140000000-150000000.
2022-12-22 23:12:04,653 [INFO] Finished chr7:130000000-140000000.
2022-12-22 23:12:04,763 [INFO] Finished chr8:0-10000000.
2022-12-22 23:12:04,858 [INFO] Finished chr8:30000000-40000000.
2022-12-22 23:12:05,079 [INFO] Finished chr8:50000000-60000000.
2022-12-22 23:12:05,082 [INFO] Finished chr8:10000000-20000000.
2022-12-22 23:12:05,082 [INFO] Finished chr8:70000000-80000000.
2022-12-22 23:12:05,085 [INFO] Finished chr8:60000000-70000000.
2022-12-22 23:12:05,139 [INFO] Skip chr9:50000000-60000000.
2022-12-22 23:12:05,331 [INFO] Finished chr8:40000000-50000000.
2022-12-22 23:12:05,331 [INFO] Finished chr8:20000000-30000000.
2022-12-22 23:12:05,792 [INFO] Finished chr7:150000000-159345973.
2022-12-22 23:12:06,257 [INFO] Finished chr8:110000000-120000000.
2022-12-22 23:12:06,297 [INFO] Finished chr8:90000000-100000000.
2022-12-22 23:12:06,733 [INFO] Finished chr8:80000000-90000000.
2022-12-22 23:12:06,741 [INFO] Finished chr8:120000000-130000000.
2022-12-22 23:12:06,853 [INFO] Finished chr8:100000000-110000000.
2022-12-22 23:12:06,880 [INFO] Finished chr9:10000000-20000000.
2022-12-22 23:12:07,064 [INFO] Finished chr9:20000000-30000000.
2022-12-22 23:12:07,210 [INFO] Finished chr8:130000000-140000000.
2022-12-22 23:12:07,446 [INFO] Finished chr9:0-10000000.
2022-12-22 23:12:07,576 [INFO] Finished chr8:140000000-145138636.
2022-12-22 23:12:07,585 [INFO] Finished chr9:40000000-50000000.
2022-12-22 23:12:07,586 [INFO] Finished chr9:80000000-90000000.
2022-12-22 23:12:07,606 [INFO] Finished chr9:30000000-40000000.
2022-12-22 23:12:07,612 [INFO] Finished chr9:70000000-80000000.
2022-12-22 23:12:07,823 [INFO] Finished chr9:60000000-70000000.
2022-12-22 23:12:08,705 [INFO] Finished chr9:100000000-110000000.
2022-12-22 23:12:09,054 [INFO] Finished chr9:110000000-120000000.
2022-12-22 23:12:09,228 [INFO] Finished chr9:90000000-100000000.
2022-12-22 23:12:09,764 [INFO] Finished chr10:20000000-30000000.
2022-12-22 23:12:09,764 [INFO] Finished chr10:0-10000000.
2022-12-22 23:12:09,768 [INFO] Finished chr10:50000000-60000000.
2022-12-22 23:12:09,774 [INFO] Finished chr10:30000000-40000000.
2022-12-22 23:12:09,776 [INFO] Finished chr10:10000000-20000000.
2022-12-22 23:12:09,778 [INFO] Finished chr9:130000000-138394717.
2022-12-22 23:12:09,778 [INFO] Finished chr9:120000000-130000000.
2022-12-22 23:12:09,860 [INFO] Finished chr10:60000000-70000000.
2022-12-22 23:12:10,006 [INFO] Finished chr10:80000000-90000000.
2022-12-22 23:12:10,585 [INFO] Finished chr10:90000000-100000000.
2022-12-22 23:12:10,709 [INFO] Finished chr10:100000000-110000000.
2022-12-22 23:12:11,228 [INFO] Finished chr10:70000000-80000000.
2022-12-22 23:12:11,374 [INFO] Finished chr10:130000000-133797422.
2022-12-22 23:12:12,548 [INFO] Finished chr11:20000000-30000000.
2022-12-22 23:12:12,657 [INFO] Finished chr10:110000000-120000000.
2022-12-22 23:12:12,678 [INFO] Finished chr10:40000000-50000000.
2022-12-22 23:12:12,680 [INFO] Finished chr11:50000000-60000000.
2022-12-22 23:12:12,694 [INFO] Finished chr11:80000000-90000000.
2022-12-22 23:12:12,694 [INFO] Finished chr11:40000000-50000000.
2022-12-22 23:12:12,695 [INFO] Finished chr10:120000000-130000000.
2022-12-22 23:12:12,706 [INFO] Finished chr11:30000000-40000000.
2022-12-22 23:12:13,239 [INFO] Finished chr11:10000000-20000000.
2022-12-22 23:12:13,241 [INFO] Finished chr11:90000000-100000000.
2022-12-22 23:12:13,432 [INFO] Finished chr11:100000000-110000000.
2022-12-22 23:12:14,979 [INFO] Finished chr11:0-10000000.
2022-12-22 23:12:15,045 [INFO] Finished chr11:70000000-80000000.
2022-12-22 23:12:15,047 [INFO] Finished chr11:130000000-135086622.
2022-12-22 23:12:15,064 [INFO] Finished chr12:30000000-40000000.
2022-12-22 23:12:15,064 [INFO] Finished chr11:110000000-120000000.
2022-12-22 23:12:15,064 [INFO] Finished chr11:60000000-70000000.
2022-12-22 23:12:15,079 [INFO] Finished chr11:120000000-130000000.
2022-12-22 23:12:15,121 [INFO] Skip chr13:0-10000000.
2022-12-22 23:12:15,232 [INFO] Finished chr12:80000000-90000000.
2022-12-22 23:12:15,287 [INFO] Finished chr12:60000000-70000000.
2022-12-22 23:12:15,525 [INFO] Finished chr12:20000000-30000000.
2022-12-22 23:12:15,659 [INFO] Finished chr12:40000000-50000000.
2022-12-22 23:12:15,661 [INFO] Finished chr12:70000000-80000000.
2022-12-22 23:12:15,667 [INFO] Finished chr12:10000000-20000000.
2022-12-22 23:12:15,845 [INFO] Finished chr12:90000000-100000000.
2022-12-22 23:12:16,196 [INFO] Finished chr12:130000000-133275309.
2022-12-22 23:12:16,350 [INFO] Finished chr12:0-10000000.
2022-12-22 23:12:16,395 [INFO] Skip chr14:0-10000000.
2022-12-22 23:12:16,695 [INFO] Finished chr12:50000000-60000000.
2022-12-22 23:12:17,712 [INFO] Finished chr13:50000000-60000000.
2022-12-22 23:12:17,714 [INFO] Finished chr13:60000000-70000000.
2022-12-22 23:12:17,789 [INFO] Finished chr13:30000000-40000000.
2022-12-22 23:12:17,825 [INFO] Finished chr13:80000000-90000000.
2022-12-22 23:12:18,631 [INFO] Finished chr12:100000000-110000000.
2022-12-22 23:12:18,711 [INFO] Finished chr13:20000000-30000000.
2022-12-22 23:12:18,773 [INFO] Finished chr14:10000000-20000000.
2022-12-22 23:12:19,110 [INFO] Finished chr13:70000000-80000000.
2022-12-22 23:12:19,134 [INFO] Finished chr12:110000000-120000000.
2022-12-22 23:12:19,146 [INFO] Finished chr13:10000000-20000000.
2022-12-22 23:12:19,166 [INFO] Finished chr13:40000000-50000000.
2022-12-22 23:12:19,191 [INFO] Skip chr15:0-10000000.
2022-12-22 23:12:19,226 [INFO] Finished chr12:120000000-130000000.
2022-12-22 23:12:19,513 [INFO] Finished chr13:100000000-110000000.
2022-12-22 23:12:19,588 [INFO] Finished chr13:90000000-100000000.
2022-12-22 23:12:19,612 [INFO] Finished chr13:110000000-114364328.
2022-12-22 23:12:20,377 [INFO] Finished chr14:40000000-50000000.
2022-12-22 23:12:20,643 [INFO] Finished chr14:30000000-40000000.
2022-12-22 23:12:20,644 [INFO] Finished chr14:20000000-30000000.
2022-12-22 23:12:20,647 [INFO] Finished chr15:10000000-20000000.
2022-12-22 23:12:20,777 [INFO] Finished chr14:80000000-90000000.
2022-12-22 23:12:21,062 [INFO] Finished chr14:50000000-60000000.
2022-12-22 23:12:22,094 [INFO] Finished chr15:100000000-101991189.
2022-12-22 23:12:22,135 [INFO] Finished chr14:100000000-107043718.
2022-12-22 23:12:22,135 [INFO] Finished chr15:20000000-30000000.
2022-12-22 23:12:22,135 [INFO] Finished chr15:30000000-40000000.
2022-12-22 23:12:22,135 [INFO] Finished chr14:60000000-70000000.
2022-12-22 23:12:22,135 [INFO] Finished chr14:90000000-100000000.
2022-12-22 23:12:22,135 [INFO] Finished chr14:70000000-80000000.
2022-12-22 23:12:22,320 [INFO] Finished chr15:50000000-60000000.
2022-12-22 23:12:22,373 [INFO] Finished chr15:40000000-50000000.
2022-12-22 23:12:23,211 [INFO] Finished chr15:70000000-80000000.
2022-12-22 23:12:23,305 [INFO] Finished chr16:90000000-90338345.
2022-12-22 23:12:23,563 [INFO] Finished chr15:60000000-70000000.
2022-12-22 23:12:23,913 [INFO] Finished chr15:90000000-100000000.
2022-12-22 23:12:24,837 [INFO] Finished chr15:80000000-90000000.
2022-12-22 23:12:25,735 [INFO] Finished chr16:10000000-20000000.
2022-12-22 23:12:25,959 [INFO] Finished chr16:40000000-50000000.
2022-12-22 23:12:25,960 [INFO] Finished chr16:20000000-30000000.
2022-12-22 23:12:26,882 [INFO] Finished chr16:30000000-40000000.
2022-12-22 23:12:26,886 [INFO] Finished chr16:0-10000000.
2022-12-22 23:12:26,893 [INFO] Finished chr16:60000000-70000000.
2022-12-22 23:12:26,894 [INFO] Finished chr16:50000000-60000000.
2022-12-22 23:12:26,901 [INFO] Finished chr16:70000000-80000000.
2022-12-22 23:12:27,665 [INFO] Finished chr17:10000000-20000000.
2022-12-22 23:12:27,990 [INFO] Finished chr16:80000000-90000000.
2022-12-22 23:12:27,990 [INFO] Finished chr17:50000000-60000000.
2022-12-22 23:12:28,494 [INFO] Finished chr17:20000000-30000000.
2022-12-22 23:12:28,528 [INFO] Finished chr17:30000000-40000000.
2022-12-22 23:12:28,613 [INFO] Finished chr18:0-10000000.
2022-12-22 23:12:28,724 [INFO] Finished chr18:80000000-80373285.
2022-12-22 23:12:29,148 [INFO] Finished chr17:60000000-70000000.
2022-12-22 23:12:29,216 [INFO] Finished chr17:80000000-83257441.
2022-12-22 23:12:29,463 [INFO] Finished chr18:20000000-30000000.
2022-12-22 23:12:29,488 [INFO] Finished chr17:0-10000000.
2022-12-22 23:12:29,514 [INFO] Finished chr18:30000000-40000000.
2022-12-22 23:12:29,620 [INFO] Finished chr18:50000000-60000000.
2022-12-22 23:12:29,739 [INFO] Finished chr18:40000000-50000000.
2022-12-22 23:12:29,927 [INFO] Finished chr18:10000000-20000000.
2022-12-22 23:12:30,092 [INFO] Finished chr18:60000000-70000000.
2022-12-22 23:12:30,159 [INFO] Finished chr17:40000000-50000000.
2022-12-22 23:12:30,758 [INFO] Finished chr17:70000000-80000000.
2022-12-22 23:12:30,777 [INFO] Finished chr19:20000000-30000000.
2022-12-22 23:12:30,904 [INFO] Finished chr18:70000000-80000000.
2022-12-22 23:12:32,718 [INFO] Finished chr20:10000000-20000000.
2022-12-22 23:12:33,483 [INFO] Finished chr20:60000000-64444167.
2022-12-22 23:12:33,527 [INFO] Skip chr22:0-10000000.
2022-12-22 23:12:33,607 [INFO] Finished chr20:0-10000000.
2022-12-22 23:12:33,727 [INFO] Finished chr20:50000000-60000000.
2022-12-22 23:12:33,728 [INFO] Finished chr20:40000000-50000000.
2022-12-22 23:12:34,027 [INFO] Finished chr21:20000000-30000000.
2022-12-22 23:12:34,326 [INFO] Finished chr20:20000000-30000000.
2022-12-22 23:12:34,331 [INFO] Finished chr21:10000000-20000000.
2022-12-22 23:12:34,360 [INFO] Finished chr19:30000000-40000000.
2022-12-22 23:12:34,979 [INFO] Finished chr20:30000000-40000000.
2022-12-22 23:12:35,346 [INFO] Finished chr21:30000000-40000000.
2022-12-22 23:12:35,471 [INFO] Finished chr21:0-10000000.
2022-12-22 23:12:35,489 [INFO] Finished chr19:10000000-20000000.
2022-12-22 23:12:35,492 [INFO] Finished chr22:50000000-50818468.
2022-12-22 23:12:35,730 [INFO] Finished chr19:0-10000000.
2022-12-22 23:12:36,030 [INFO] Finished chr19:50000000-58617616.
2022-12-22 23:12:36,171 [INFO] Finished chr21:40000000-46709983.
2022-12-22 23:12:36,247 [INFO] Finished chr19:40000000-50000000.
2022-12-22 23:12:37,055 [INFO] Finished chrX:20000000-30000000.
2022-12-22 23:12:37,062 [INFO] Finished chrX:0-10000000.
2022-12-22 23:12:37,236 [INFO] Finished chr22:10000000-20000000.
2022-12-22 23:12:37,549 [INFO] Finished chr22:20000000-30000000.
2022-12-22 23:12:37,735 [INFO] Finished chrX:30000000-40000000.
2022-12-22 23:12:37,761 [INFO] Finished chrX:10000000-20000000.
2022-12-22 23:12:37,767 [INFO] Finished chr22:40000000-50000000.
2022-12-22 23:12:37,804 [INFO] Finished chr22:30000000-40000000.
2022-12-22 23:12:37,871 [INFO] Skip chrY:30000000-40000000.
2022-12-22 23:12:37,914 [INFO] Skip chrY:40000000-50000000.
2022-12-22 23:12:38,186 [INFO] Finished chrX:80000000-90000000.
2022-12-22 23:12:38,422 [INFO] Finished chrX:60000000-70000000.
2022-12-22 23:12:38,682 [INFO] Finished chrY:20000000-30000000.
2022-12-22 23:12:38,684 [INFO] Finished chrY:0-10000000.
2022-12-22 23:12:38,687 [INFO] Finished chrY:50000000-57227415.
2022-12-22 23:12:38,738 [INFO] Finished chrX:50000000-60000000.
2022-12-22 23:12:38,738 [INFO] Finished chrX:90000000-100000000.
2022-12-22 23:12:38,738 [INFO] Finished chrX:70000000-80000000.
2022-12-22 23:12:38,829 [INFO] Skip chr1_KI270707v1_random:0-32032.
2022-12-22 23:12:38,838 [INFO] Finished chr1_KI270706v1_random:0-175055.
2022-12-22 23:12:38,841 [INFO] Finished chr1_KI270708v1_random:0-127682.
2022-12-22 23:12:39,013 [INFO] Finished chrX:40000000-50000000.
2022-12-22 23:12:39,137 [INFO] Skip chr2_KI270715v1_random:0-161471.
2022-12-22 23:12:39,253 [INFO] Finished chr1_KI270710v1_random:0-40176.
2022-12-22 23:12:39,255 [INFO] Finished chr1_KI270711v1_random:0-42210.
2022-12-22 23:12:39,257 [INFO] Finished chr1_KI270713v1_random:0-40745.
2022-12-22 23:12:39,258 [INFO] Finished chr2_KI270716v1_random:0-153799.
2022-12-22 23:12:39,260 [INFO] Finished chrY:10000000-20000000.
2022-12-22 23:12:39,261 [INFO] Finished chr1_KI270714v1_random:0-41717.
2022-12-22 23:12:39,265 [INFO] Finished chr1_KI270712v1_random:0-176043.
2022-12-22 23:12:39,285 [INFO] Finished chrX:110000000-120000000.
2022-12-22 23:12:39,292 [INFO] Finished chrX:100000000-110000000.
2022-12-22 23:12:39,293 [INFO] Finished chrX:120000000-130000000.
2022-12-22 23:12:39,307 [INFO] Finished chr1_KI270709v1_random:0-66860.
2022-12-22 23:12:39,316 [INFO] Finished chr3_GL000221v1_random:0-155397.
2022-12-22 23:12:39,321 [INFO] Finished chr9_KI270717v1_random:0-40062.
2022-12-22 23:12:39,334 [INFO] Finished chrX:140000000-150000000.
2022-12-22 23:12:39,336 [INFO] Finished chr9_KI270718v1_random:0-38054.
2022-12-22 23:12:39,337 [INFO] Finished chr5_GL000208v1_random:0-92689.
2022-12-22 23:12:39,338 [INFO] Skip chr11_KI270721v1_random:0-100316.
2022-12-22 23:12:39,381 [INFO] Finished chr9_KI270719v1_random:0-176845.
2022-12-22 23:12:39,384 [INFO] Finished chr9_KI270720v1_random:0-39050.
2022-12-22 23:12:39,388 [INFO] Finished chr4_GL000008v2_random:0-209709.
2022-12-22 23:12:39,395 [INFO] Finished chr14_KI270723v1_random:0-38115.
2022-12-22 23:12:39,399 [INFO] Finished chr14_KI270724v1_random:0-39555.
2022-12-22 23:12:39,399 [INFO] Finished chr14_GL000009v2_random:0-201709.
2022-12-22 23:12:39,406 [INFO] Finished chr14_KI270722v1_random:0-194050.
2022-12-22 23:12:39,407 [INFO] Finished chrM:0-16569.
2022-12-22 23:12:39,462 [INFO] Finished chr14_KI270725v1_random:0-172810.
2022-12-22 23:12:39,466 [INFO] Skip chr14_KI270726v1_random:0-43739.
2022-12-22 23:12:39,514 [INFO] Finished chr14_GL000194v1_random:0-191469.
2022-12-22 23:12:39,526 [INFO] Skip chr15_KI270727v1_random:0-448248.
2022-12-22 23:12:39,637 [INFO] Finished chr22_KI270732v1_random:0-41543.
2022-12-22 23:12:39,647 [INFO] Finished chr17_GL000205v2_random:0-185591.
2022-12-22 23:12:39,656 [INFO] Finished chr22_KI270731v1_random:0-150754.
2022-12-22 23:12:39,683 [INFO] Finished chrX:130000000-140000000.
2022-12-22 23:12:39,690 [INFO] Skip chrY_KI270740v1_random:0-37240.
2022-12-22 23:12:39,708 [INFO] Finished chrX:150000000-156040895.
2022-12-22 23:12:39,728 [INFO] Finished chr22_KI270735v1_random:0-42811.
2022-12-22 23:12:39,756 [INFO] Skip chr22_KI270739v1_random:0-73985.
2022-12-22 23:12:39,757 [INFO] Skip chrUn_KI270305v1:0-1472.
2022-12-22 23:12:39,757 [INFO] Finished chr17_KI270730v1_random:0-112551.
2022-12-22 23:12:39,759 [INFO] Finished chr22_KI270734v1_random:0-165050.
2022-12-22 23:12:39,763 [INFO] Skip chrUn_KI270302v1:0-2274.
2022-12-22 23:12:39,763 [INFO] Skip chrUn_KI270304v1:0-2165.
2022-12-22 23:12:39,763 [INFO] Finished chrUn_KI270322v1:0-21476.
2022-12-22 23:12:39,763 [INFO] Skip chrUn_KI270303v1:0-1942.
2022-12-22 23:12:39,765 [INFO] Finished chr22_KI270737v1_random:0-103838.
2022-12-22 23:12:39,767 [INFO] Finished chr16_KI270728v1_random:0-1872759.
2022-12-22 23:12:39,782 [INFO] Finished chr22_KI270738v1_random:0-99375.
2022-12-22 23:12:39,789 [INFO] Skip chrUn_KI270320v1:0-4416.
2022-12-22 23:12:39,794 [INFO] Skip chrUn_KI270316v1:0-1444.
2022-12-22 23:12:39,795 [INFO] Skip chrUn_KI270310v1:0-1201.
2022-12-22 23:12:39,801 [INFO] Skip chrUn_KI270315v1:0-2276.
2022-12-22 23:12:39,801 [INFO] Skip chrUn_KI270311v1:0-12399.
2022-12-22 23:12:39,803 [INFO] Skip chrUn_KI270317v1:0-37690.
2022-12-22 23:12:39,804 [INFO] Skip chrUn_KI270414v1:0-2489.
2022-12-22 23:12:39,806 [INFO] Skip chrUn_KI270411v1:0-2646.
2022-12-22 23:12:39,806 [INFO] Skip chrUn_KI270419v1:0-1029.
2022-12-22 23:12:39,809 [INFO] Skip chrUn_KI270312v1:0-998.
2022-12-22 23:12:39,816 [INFO] Skip chrUn_KI270412v1:0-1179.
2022-12-22 23:12:39,822 [INFO] Skip chrUn_KI270418v1:0-2145.
2022-12-22 23:12:39,830 [INFO] Skip chrUn_KI270424v1:0-2140.
2022-12-22 23:12:39,832 [INFO] Skip chrUn_KI270417v1:0-2043.
2022-12-22 23:12:39,836 [INFO] Skip chrUn_KI270420v1:0-2321.
2022-12-22 23:12:39,837 [INFO] Skip chrUn_KI270422v1:0-1445.
2022-12-22 23:12:39,837 [INFO] Skip chrUn_KI270423v1:0-981.
2022-12-22 23:12:39,838 [INFO] Skip chrUn_KI270425v1:0-1884.
2022-12-22 23:12:39,845 [INFO] Finished chrUn_KI270429v1:0-1361.
2022-12-22 23:12:39,903 [INFO] Finished chr17_KI270729v1_random:0-280839.
2022-12-22 23:12:39,906 [INFO] Skip chrUn_KI270465v1:0-1774.
2022-12-22 23:12:39,926 [INFO] Skip chrUn_KI270468v1:0-4055.
2022-12-22 23:12:39,935 [INFO] Skip chrUn_KI270509v1:0-2318.
2022-12-22 23:12:39,936 [INFO] Skip chrUn_KI270518v1:0-2186.
2022-12-22 23:12:39,939 [INFO] Skip chrUn_KI270508v1:0-1951.
2022-12-22 23:12:39,950 [INFO] Finished chrUn_KI270510v1:0-2415.
2022-12-22 23:12:39,954 [INFO] Finished chrUn_KI270516v1:0-1300.
2022-12-22 23:12:39,954 [INFO] Finished chr14_GL000225v1_random:0-211173.
2022-12-22 23:12:39,959 [INFO] Finished chrUn_KI270512v1:0-22689.
2022-12-22 23:12:39,964 [INFO] Finished chr22_KI270736v1_random:0-181920.
2022-12-22 23:12:39,968 [INFO] Finished chrUn_KI270466v1:0-1233.
2022-12-22 23:12:40,000 [INFO] Skip chrUn_KI270511v1:0-8127.
2022-12-22 23:12:40,004 [INFO] Skip chrUn_KI270539v1:0-993.
2022-12-22 23:12:40,009 [INFO] Finished chrUn_KI270522v1:0-5674.
2022-12-22 23:12:40,010 [INFO] Finished chrUn_KI270515v1:0-6361.
2022-12-22 23:12:40,011 [INFO] Finished chrUn_KI270442v1:0-392061.
2022-12-22 23:12:40,029 [INFO] Finished chrUn_KI270519v1:0-138126.
2022-12-22 23:12:40,048 [INFO] Skip chrUn_KI270548v1:0-1599.
2022-12-22 23:12:40,048 [INFO] Skip chrUn_KI270530v1:0-2168.
2022-12-22 23:12:40,049 [INFO] Skip chrUn_KI270544v1:0-1202.
2022-12-22 23:12:40,052 [INFO] Skip chrUn_KI270529v1:0-1899.
2022-12-22 23:12:40,052 [INFO] Skip chrUn_KI270528v1:0-2983.
2022-12-22 23:12:40,053 [INFO] Skip chrUn_KI270507v1:0-5353.
2022-12-22 23:12:40,054 [INFO] Skip chrUn_KI270583v1:0-1400.
2022-12-22 23:12:40,059 [INFO] Skip chrUn_KI270580v1:0-1553.
2022-12-22 23:12:40,080 [INFO] Finished chrUn_KI270467v1:0-3920.
2022-12-22 23:12:40,084 [INFO] Finished chrUn_KI270587v1:0-2969.
2022-12-22 23:12:40,085 [INFO] Finished chrUn_KI270435v1:0-92983.
2022-12-22 23:12:40,092 [INFO] Finished chrUn_KI270517v1:0-3253.
2022-12-22 23:12:40,092 [INFO] Finished chrUn_KI270538v1:0-91309.
2022-12-22 23:12:40,100 [INFO] Skip chrUn_KI270581v1:0-7046.
2022-12-22 23:12:40,101 [INFO] Skip chrUn_KI270582v1:0-6504.
2022-12-22 23:12:40,102 [INFO] Skip chrUn_KI270579v1:0-31033.
2022-12-22 23:12:40,102 [INFO] Skip chrUn_KI270593v1:0-3041.
2022-12-22 23:12:40,116 [INFO] Finished chrUn_KI270588v1:0-6158.
2022-12-22 23:12:40,116 [INFO] Finished chrUn_KI270584v1:0-4513.
2022-12-22 23:12:40,118 [INFO] Finished chrUn_KI270591v1:0-5796.
2022-12-22 23:12:40,120 [INFO] Finished chrUn_KI270590v1:0-4685.
2022-12-22 23:12:40,128 [INFO] Finished chrUn_KI270589v1:0-44474.
2022-12-22 23:12:40,135 [INFO] Skip chrUn_KI270338v1:0-1428.
2022-12-22 23:12:40,135 [INFO] Skip chrUn_KI270335v1:0-1048.
2022-12-22 23:12:40,135 [INFO] Skip chrUn_KI270340v1:0-1428.
2022-12-22 23:12:40,136 [INFO] Skip chrUn_KI270329v1:0-1040.
2022-12-22 23:12:40,137 [INFO] Skip chrUn_KI270334v1:0-1368.
2022-12-22 23:12:40,157 [INFO] Finished chrUn_KI270330v1:0-1652.
2022-12-22 23:12:40,157 [INFO] Finished chr22_KI270733v1_random:0-179772.
2022-12-22 23:12:40,160 [INFO] Skip chrUn_KI270363v1:0-1803.
2022-12-22 23:12:40,162 [INFO] Finished chrUn_KI270336v1:0-1026.
2022-12-22 23:12:40,164 [INFO] Skip chrUn_KI270364v1:0-2855.
2022-12-22 23:12:40,165 [INFO] Skip chrUn_KI270366v1:0-8320.
2022-12-22 23:12:40,168 [INFO] Skip chrUn_KI270379v1:0-1045.
2022-12-22 23:12:40,168 [INFO] Skip chrUn_KI270378v1:0-1048.
2022-12-22 23:12:40,169 [INFO] Skip chrUn_KI270389v1:0-1298.
2022-12-22 23:12:40,169 [INFO] Skip chrUn_KI270387v1:0-1537.
2022-12-22 23:12:40,174 [INFO] Skip chrUn_KI270395v1:0-1143.
2022-12-22 23:12:40,177 [INFO] Finished chrUn_KI270362v1:0-3530.
2022-12-22 23:12:40,182 [INFO] Finished chrUn_KI270337v1:0-1121.
2022-12-22 23:12:40,183 [INFO] Skip chrUn_KI270390v1:0-2387.
2022-12-22 23:12:40,195 [INFO] Skip chrUn_KI270396v1:0-1880.
2022-12-22 23:12:40,204 [INFO] Skip chrUn_KI270383v1:0-1750.
2022-12-22 23:12:40,205 [INFO] Skip chrUn_KI270391v1:0-1484.
2022-12-22 23:12:40,205 [INFO] Skip chrUn_KI270392v1:0-971.
2022-12-22 23:12:40,206 [INFO] Skip chrUn_KI270388v1:0-1216.
2022-12-22 23:12:40,206 [INFO] Skip chrUn_KI270393v1:0-1308.
2022-12-22 23:12:40,206 [INFO] Skip chrUn_KI270394v1:0-970.
2022-12-22 23:12:40,209 [INFO] Skip chrUn_KI270381v1:0-1930.
2022-12-22 23:12:40,210 [INFO] Skip chrUn_KI270385v1:0-990.
2022-12-22 23:12:40,216 [INFO] Skip chrUn_KI270386v1:0-1788.
2022-12-22 23:12:40,218 [INFO] Finished chrUn_KI270384v1:0-1658.
2022-12-22 23:12:40,219 [INFO] Skip chrUn_KI270382v1:0-4215.
2022-12-22 23:12:40,223 [INFO] Skip chrUn_KI270376v1:0-1136.
2022-12-22 23:12:40,224 [INFO] Finished chrUn_KI270333v1:0-2699.
2022-12-22 23:12:40,228 [INFO] Skip chrUn_KI270372v1:0-1650.
2022-12-22 23:12:40,240 [INFO] Skip chrUn_KI270373v1:0-1451.
2022-12-22 23:12:40,240 [INFO] Skip chrUn_KI270371v1:0-2805.
2022-12-22 23:12:40,240 [INFO] Skip chrUn_KI270375v1:0-2378.
2022-12-22 23:12:40,241 [INFO] Skip chrUn_KI270521v1:0-7642.
2022-12-22 23:12:40,247 [INFO] Skip chrUn_KI270374v1:0-2656.
2022-12-22 23:12:40,256 [INFO] Finished chrUn_KI270448v1:0-7992.
2022-12-22 23:12:40,281 [INFO] Finished chrUn_GL000195v1:0-182896.
2022-12-22 23:12:40,284 [INFO] Skip chrUn_KI270741v1:0-157432.
2022-12-22 23:12:40,286 [INFO] Finished chrUn_GL000219v1:0-179198.
2022-12-22 23:12:40,324 [INFO] Skip chrUn_KI270752v1:0-27745.
2022-12-22 23:12:40,397 [INFO] Finished chrUn_GL000213v1:0-164239.
2022-12-22 23:12:40,423 [INFO] Finished chrUn_GL000224v1:0-179693.
2022-12-22 23:12:40,508 [INFO] Finished chrUn_KI270745v1:0-41891.
2022-12-22 23:12:40,513 [INFO] Finished chrUn_KI270746v1:0-66486.
2022-12-22 23:12:40,517 [INFO] Finished chrUn_GL000226v1:0-15008.
2022-12-22 23:12:40,523 [INFO] Finished chrUn_KI270748v1:0-93321.
2022-12-22 23:12:40,525 [INFO] Finished chrUn_KI270747v1:0-198735.
2022-12-22 23:12:40,525 [INFO] Finished chrUn_KI270743v1:0-210658.
2022-12-22 23:12:40,530 [INFO] Finished chrUn_KI270749v1:0-158759.
2022-12-22 23:12:40,531 [INFO] Finished chrUn_KI270750v1:0-148850.
2022-12-22 23:12:40,534 [INFO] Finished chrUn_KI270753v1:0-62944.
2022-12-22 23:12:40,540 [INFO] Finished chrUn_KI270755v1:0-36723.
2022-12-22 23:12:40,546 [INFO] Finished chrUn_KI270756v1:0-79590.
2022-12-22 23:12:40,548 [INFO] Finished chrUn_KI270754v1:0-40191.
2022-12-22 23:12:40,548 [INFO] Finished chrUn_KI270438v1:0-112505.
2022-12-22 23:12:40,549 [INFO] Finished chrUn_KI270751v1:0-150742.
2022-12-22 23:12:40,553 [INFO] Finished chrUn_KI270744v1:0-168472.
2022-12-22 23:12:40,573 [INFO] Skip chrEBV:0-171823.
2022-12-22 23:12:40,606 [INFO] Finished chrUn_KI270757v1:0-71251.
2022-12-22 23:12:40,608 [INFO] Finished chrUn_GL000220v1:0-161802.
2022-12-22 23:12:40,618 [INFO] Finished chrUn_GL000218v1:0-161147.
2022-12-22 23:12:40,631 [INFO] Finished chrUn_GL000214v1:0-137718.
2022-12-22 23:12:40,632 [INFO] Finished chrUn_KI270742v1:0-186739.
2022-12-22 23:12:40,777 [INFO] Finished chrUn_GL000216v2:0-176608.
2022-12-22 23:12:40,803 [INFO] Rebuilding signatures of structural variants.
2022-12-22 23:12:51,939 [INFO] Clustering structural variants.
2022-12-22 23:12:52,143 [INFO] Finished chr14_KI270725v1_random:DEL.
2022-12-22 23:12:52,150 [INFO] Finished chr14_GL000009v2_random:DEL.
2022-12-22 23:12:52,150 [INFO] Finished chr14_GL000194v1_random:DEL.
2022-12-22 23:12:52,150 [INFO] Finished chr14_KI270723v1_random:DEL.
2022-12-22 23:12:52,150 [INFO] Finished chr16_KI270728v1_random:DEL.
2022-12-22 23:12:52,150 [INFO] Finished chr14_KI270722v1_random:DEL.
2022-12-22 23:12:52,151 [INFO] Finished chr14_KI270724v1_random:DEL.
2022-12-22 23:12:52,183 [INFO] Finished chr14:DEL.
2022-12-22 23:12:52,187 [INFO] Finished chr13:DEL.
2022-12-22 23:12:52,201 [INFO] Finished chr15:DEL.
2022-12-22 23:12:52,222 [INFO] Finished chr16:DEL.
2022-12-22 23:12:52,224 [INFO] Finished chr12:DEL.
2022-12-22 23:12:52,245 [INFO] Finished chr14_GL000225v1_random:DEL.
2022-12-22 23:12:52,289 [INFO] Finished chr11:DEL.
2022-12-22 23:12:52,312 [INFO] Finished chr10:DEL.
2022-12-22 23:12:52,323 [INFO] Finished chr17_GL000205v2_random:DEL.
2022-12-22 23:12:52,323 [INFO] Finished chr17_KI270730v1_random:DEL.
2022-12-22 23:12:52,323 [INFO] Finished chr1_KI270706v1_random:DEL.
2022-12-22 23:12:52,334 [INFO] Finished chr1:DEL.
2022-12-22 23:12:52,341 [INFO] Finished chr17_KI270729v1_random:DEL.
2022-12-22 23:12:52,351 [INFO] Finished chr18:DEL.
2022-12-22 23:12:52,365 [INFO] Finished chr1_KI270708v1_random:DEL.
2022-12-22 23:12:52,385 [INFO] Finished chr1_KI270709v1_random:DEL.
2022-12-22 23:12:52,393 [INFO] Finished chr19:DEL.
2022-12-22 23:12:52,396 [INFO] Finished chr17:DEL.
2022-12-22 23:12:52,398 [INFO] Finished chr1_KI270710v1_random:DEL.
2022-12-22 23:12:52,420 [INFO] Finished chr1_KI270711v1_random:DEL.
2022-12-22 23:12:52,421 [INFO] Finished chr1_KI270712v1_random:DEL.
2022-12-22 23:12:52,442 [INFO] Finished chr1_KI270713v1_random:DEL.
2022-12-22 23:12:52,488 [INFO] Finished chr1_KI270714v1_random:DEL.
2022-12-22 23:12:52,528 [INFO] Finished chr20:DEL.
2022-12-22 23:12:52,531 [INFO] Finished chr22_KI270731v1_random:DEL.
2022-12-22 23:12:52,536 [INFO] Finished chr22_KI270734v1_random:DEL.
2022-12-22 23:12:52,538 [INFO] Finished chr22_KI270732v1_random:DEL.
2022-12-22 23:12:52,552 [INFO] Finished chr22_KI270733v1_random:DEL.
2022-12-22 23:12:52,573 [INFO] Finished chr2:DEL.
2022-12-22 23:12:52,576 [INFO] Finished chr21:DEL.
2022-12-22 23:12:52,582 [INFO] Finished chr22_KI270735v1_random:DEL.
2022-12-22 23:12:52,587 [INFO] Finished chr22:DEL.
2022-12-22 23:12:52,592 [INFO] Finished chr22_KI270736v1_random:DEL.
2022-12-22 23:12:52,593 [INFO] Finished chr22_KI270738v1_random:DEL.
2022-12-22 23:12:52,594 [INFO] Finished chr2_KI270716v1_random:DEL.
2022-12-22 23:12:52,618 [INFO] Finished chr3_GL000221v1_random:DEL.
2022-12-22 23:12:52,660 [INFO] Finished chr3:DEL.
2022-12-22 23:12:52,687 [INFO] Finished chr4_GL000008v2_random:DEL.
2022-12-22 23:12:52,688 [INFO] Finished chr4:DEL.
2022-12-22 23:12:52,728 [INFO] Finished chr5_GL000208v1_random:DEL.
2022-12-22 23:12:52,767 [INFO] Finished chr9_KI270719v1_random:DEL.
2022-12-22 23:12:52,772 [INFO] Finished chr6:DEL.
2022-12-22 23:12:52,775 [INFO] Finished chr5:DEL.
2022-12-22 23:12:52,779 [INFO] Finished chr9_KI270718v1_random:DEL.
2022-12-22 23:12:52,785 [INFO] Finished chr9_KI270717v1_random:DEL.
2022-12-22 23:12:52,788 [INFO] Finished chr9_KI270720v1_random:DEL.
2022-12-22 23:12:52,789 [INFO] Finished chr8:DEL.
2022-12-22 23:12:52,789 [INFO] Finished chrUn_GL000195v1:DEL.
2022-12-22 23:12:52,791 [INFO] Finished chr7:DEL.
2022-12-22 23:12:52,792 [INFO] Finished chrM:DEL.
2022-12-22 23:12:52,792 [INFO] Finished chr9:DEL.
2022-12-22 23:12:52,798 [INFO] Finished chrUn_GL000213v1:DEL.
2022-12-22 23:12:52,859 [INFO] Finished chrUn_GL000214v1:DEL.
2022-12-22 23:12:52,886 [INFO] Finished chrUn_GL000216v2:DEL.
2022-12-22 23:12:52,887 [INFO] Finished chrUn_GL000218v1:DEL.
2022-12-22 23:12:52,926 [INFO] Finished chrUn_GL000219v1:DEL.
2022-12-22 23:12:52,939 [INFO] Finished chrUn_GL000220v1:DEL.
2022-12-22 23:12:52,971 [INFO] Finished chrUn_KI270467v1:DEL.
2022-12-22 23:12:52,971 [INFO] Finished chrUn_GL000224v1:DEL.
2022-12-22 23:12:52,976 [INFO] Finished chrUn_KI270322v1:DEL.
2022-12-22 23:12:52,980 [INFO] Finished chrUn_KI270333v1:DEL.
2022-12-22 23:12:52,987 [INFO] Finished chrUn_KI270337v1:DEL.
2022-12-22 23:12:52,987 [INFO] Finished chrUn_KI270435v1:DEL.
2022-12-22 23:12:52,989 [INFO] Finished chrUn_KI270336v1:DEL.
2022-12-22 23:12:52,989 [INFO] Finished chrUn_KI270442v1:DEL.
2022-12-22 23:12:52,990 [INFO] Finished chrUn_KI270448v1:DEL.
2022-12-22 23:12:52,993 [INFO] Finished chrUn_KI270466v1:DEL.
2022-12-22 23:12:52,998 [INFO] Finished chrUn_KI270438v1:DEL.
2022-12-22 23:12:53,059 [INFO] Finished chrUn_KI270510v1:DEL.
2022-12-22 23:12:53,087 [INFO] Finished chrUn_KI270512v1:DEL.
2022-12-22 23:12:53,089 [INFO] Finished chrUn_KI270515v1:DEL.
2022-12-22 23:12:53,111 [INFO] Finished chrUn_KI270517v1:DEL.
2022-12-22 23:12:53,111 [INFO] Finished chrUn_KI270516v1:DEL.
2022-12-22 23:12:53,172 [INFO] Finished chrUn_KI270522v1:DEL.
2022-12-22 23:12:53,172 [INFO] Finished chrUn_KI270519v1:DEL.
2022-12-22 23:12:53,174 [INFO] Finished chrUn_KI270538v1:DEL.
2022-12-22 23:12:53,177 [INFO] Finished chrUn_KI270584v1:DEL.
2022-12-22 23:12:53,183 [INFO] Finished chrUn_KI270587v1:DEL.
2022-12-22 23:12:53,185 [INFO] Finished chrUn_KI270591v1:DEL.
2022-12-22 23:12:53,185 [INFO] Finished chrUn_KI270589v1:DEL.
2022-12-22 23:12:53,186 [INFO] Finished chrUn_KI270590v1:DEL.
2022-12-22 23:12:53,187 [INFO] Finished chrUn_KI270742v1:DEL.
2022-12-22 23:12:53,190 [INFO] Finished chrUn_KI270743v1:DEL.
2022-12-22 23:12:53,195 [INFO] Finished chrUn_KI270744v1:DEL.
2022-12-22 23:12:53,258 [INFO] Finished chrUn_KI270745v1:DEL.
2022-12-22 23:12:53,283 [INFO] Finished chrUn_KI270749v1:DEL.
2022-12-22 23:12:53,283 [INFO] Finished chrUn_KI270748v1:DEL.
2022-12-22 23:12:53,285 [INFO] Finished chrUn_KI270746v1:DEL.
2022-12-22 23:12:53,288 [INFO] Finished chrUn_KI270747v1:DEL.
2022-12-22 23:12:53,371 [INFO] Finished chrUn_KI270753v1:DEL.
2022-12-22 23:12:53,371 [INFO] Finished chrUn_KI270750v1:DEL.
2022-12-22 23:12:53,371 [INFO] Finished chrUn_KI270751v1:DEL.
2022-12-22 23:12:53,374 [INFO] Finished chrUn_KI270754v1:DEL.
2022-12-22 23:12:53,379 [INFO] Finished chrUn_KI270755v1:DEL.
2022-12-22 23:12:53,380 [INFO] Finished chrUn_KI270756v1:DEL.
2022-12-22 23:12:53,383 [INFO] Finished chrUn_KI270757v1:DEL.
2022-12-22 23:12:53,387 [INFO] Finished chrY:DEL.
2022-12-22 23:12:53,395 [INFO] Finished chrX:DEL.
2022-12-22 23:12:53,453 [INFO] Finished chr10:INS.
2022-12-22 23:12:53,476 [INFO] Finished chr1:INS.
2022-12-22 23:12:53,491 [INFO] Finished chr14_GL000009v2_random:INS.
2022-12-22 23:12:53,510 [INFO] Finished chr11:INS.
2022-12-22 23:12:53,514 [INFO] Finished chr14:INS.
2022-12-22 23:12:53,515 [INFO] Finished chr13:INS.
2022-12-22 23:12:53,523 [INFO] Finished chr12:INS.
2022-12-22 23:12:53,544 [INFO] Finished chr14_GL000194v1_random:INS.
2022-12-22 23:12:53,545 [INFO] Finished chr14_GL000225v1_random:INS.
2022-12-22 23:12:53,547 [INFO] Finished chr14_KI270722v1_random:INS.
2022-12-22 23:12:53,570 [INFO] Finished chr14_KI270723v1_random:INS.
2022-12-22 23:12:53,581 [INFO] Finished chr14_KI270725v1_random:INS.
2022-12-22 23:12:53,581 [INFO] Finished chr14_KI270724v1_random:INS.
2022-12-22 23:12:53,606 [INFO] Finished chr16_KI270728v1_random:INS.
2022-12-22 23:12:53,611 [INFO] Finished chr15:INS.
2022-12-22 23:12:53,639 [INFO] Finished chr16:INS.
2022-12-22 23:12:53,681 [INFO] Finished chr17_GL000205v2_random:INS.
2022-12-22 23:12:53,700 [INFO] Finished chr17_KI270729v1_random:INS.
2022-12-22 23:12:53,708 [INFO] Finished chr17_KI270730v1_random:INS.
2022-12-22 23:12:53,714 [INFO] Finished chr1_KI270709v1_random:INS.
2022-12-22 23:12:53,720 [INFO] Finished chr1_KI270711v1_random:INS.
2022-12-22 23:12:53,720 [INFO] Finished chr17:INS.
2022-12-22 23:12:53,722 [INFO] Finished chr1_KI270712v1_random:INS.
2022-12-22 23:12:53,727 [INFO] Finished chr18:INS.
2022-12-22 23:12:53,728 [INFO] Finished chr1_KI270706v1_random:INS.
2022-12-22 23:12:53,764 [INFO] Finished chr1_KI270713v1_random:INS.
2022-12-22 23:12:53,774 [INFO] Finished chr19:INS.
2022-12-22 23:12:53,782 [INFO] Finished chr1_KI270714v1_random:INS.
2022-12-22 23:12:53,829 [INFO] Finished chr21:INS.
2022-12-22 23:12:53,831 [INFO] Finished chr2:INS.
2022-12-22 23:12:53,834 [INFO] Finished chr20:INS.
2022-12-22 23:12:53,861 [INFO] Finished chr22:INS.
2022-12-22 23:12:53,884 [INFO] Finished chr22_KI270732v1_random:INS.
2022-12-22 23:12:53,886 [INFO] Finished chr22_KI270735v1_random:INS.
2022-12-22 23:12:53,897 [INFO] Finished chr22_KI270738v1_random:INS.
2022-12-22 23:12:53,903 [INFO] Finished chr22_KI270734v1_random:INS.
2022-12-22 23:12:53,904 [INFO] Finished chr22_KI270736v1_random:INS.
2022-12-22 23:12:53,904 [INFO] Finished chr22_KI270733v1_random:INS.
2022-12-22 23:12:53,923 [INFO] Finished chr22_KI270737v1_random:INS.
2022-12-22 23:12:53,931 [INFO] Finished chr3_GL000221v1_random:INS.
2022-12-22 23:12:53,973 [INFO] Finished chr3:INS.
2022-12-22 23:12:53,985 [INFO] Finished chr4_GL000008v2_random:INS.
2022-12-22 23:12:54,003 [INFO] Finished chr4:INS.
2022-12-22 23:12:54,029 [INFO] Finished chr5:INS.
2022-12-22 23:12:54,038 [INFO] Finished chr5_GL000208v1_random:INS.
2022-12-22 23:12:54,059 [INFO] Finished chr9_KI270719v1_random:INS.
2022-12-22 23:12:54,076 [INFO] Finished chr9_KI270720v1_random:INS.
2022-12-22 23:12:54,078 [INFO] Finished chr6:INS.
2022-12-22 23:12:54,096 [INFO] Finished chr7:INS.
2022-12-22 23:12:54,101 [INFO] Finished chr8:INS.
2022-12-22 23:12:54,102 [INFO] Finished chrUn_GL000214v1:INS.
2022-12-22 23:12:54,103 [INFO] Finished chrM:INS.
2022-12-22 23:12:54,109 [INFO] Finished chrUn_GL000195v1:INS.
2022-12-22 23:12:54,110 [INFO] Finished chr9:INS.
2022-12-22 23:12:54,132 [INFO] Finished chrUn_GL000216v2:INS.
2022-12-22 23:12:54,138 [INFO] Finished chrUn_GL000218v1:INS.
2022-12-22 23:12:54,185 [INFO] Finished chrUn_GL000219v1:INS.
2022-12-22 23:12:54,191 [INFO] Finished chrUn_GL000220v1:INS.
2022-12-22 23:12:54,202 [INFO] Finished chrUn_GL000224v1:INS.
2022-12-22 23:12:54,235 [INFO] Finished chrUn_GL000226v1:INS.
2022-12-22 23:12:54,243 [INFO] Finished chrUn_KI270333v1:INS.
2022-12-22 23:12:54,244 [INFO] Finished chrUn_KI270330v1:INS.
2022-12-22 23:12:54,253 [INFO] Finished chrUn_KI270336v1:INS.
2022-12-22 23:12:54,275 [INFO] Finished chrUn_KI270337v1:INS.
2022-12-22 23:12:54,301 [INFO] Finished chrUn_KI270362v1:INS.
2022-12-22 23:12:54,301 [INFO] Finished chrUn_KI270435v1:INS.
2022-12-22 23:12:54,302 [INFO] Finished chrUn_KI270429v1:INS.
2022-12-22 23:12:54,303 [INFO] Finished chrUn_KI270466v1:INS.
2022-12-22 23:12:54,306 [INFO] Finished chrUn_KI270438v1:INS.
2022-12-22 23:12:54,310 [INFO] Finished chrUn_KI270442v1:INS.
2022-12-22 23:12:54,338 [INFO] Finished chrUn_KI270467v1:INS.
2022-12-22 23:12:54,342 [INFO] Finished chrUn_KI270512v1:INS.
2022-12-22 23:12:54,395 [INFO] Finished chrUn_KI270519v1:INS.
2022-12-22 23:12:54,398 [INFO] Finished chrUn_KI270538v1:INS.
2022-12-22 23:12:54,402 [INFO] Finished chrUn_KI270588v1:INS.
2022-12-22 23:12:54,432 [INFO] Finished chrUn_KI270743v1:INS.
2022-12-22 23:12:54,437 [INFO] Finished chr1:INV.
2022-12-22 23:12:54,440 [INFO] Finished chrUn_KI270589v1:INS.
2022-12-22 23:12:54,441 [INFO] Finished chr10:INV.
2022-12-22 23:12:54,441 [INFO] Finished chrUn_KI270591v1:INS.
2022-12-22 23:12:54,445 [INFO] Finished chr11:INV.
2022-12-22 23:12:54,446 [INFO] Finished chr13:INV.
2022-12-22 23:12:54,446 [INFO] Finished chr12:INV.
2022-12-22 23:12:54,448 [INFO] Finished chrUn_KI270742v1:INS.
2022-12-22 23:12:54,449 [INFO] Finished chr14:INV.
2022-12-22 23:12:54,453 [INFO] Finished chr16:INV.
2022-12-22 23:12:54,453 [INFO] Finished chr14_GL000225v1_random:INV.
2022-12-22 23:12:54,453 [INFO] Finished chr14_KI270722v1_random:INV.
2022-12-22 23:12:54,453 [INFO] Finished chr15:INV.
2022-12-22 23:12:54,457 [INFO] Finished chr17:INV.
2022-12-22 23:12:54,458 [INFO] Finished chr19:INV.
2022-12-22 23:12:54,460 [INFO] Finished chr17_GL000205v2_random:INV.
2022-12-22 23:12:54,460 [INFO] Finished chr18:INV.
2022-12-22 23:12:54,461 [INFO] Finished chr2:INV.
2022-12-22 23:12:54,462 [INFO] Finished chr20:INV.
2022-12-22 23:12:54,465 [INFO] Finished chr3:INV.
2022-12-22 23:12:54,467 [INFO] Finished chr4:INV.
2022-12-22 23:12:54,468 [INFO] Finished chr21:INV.
2022-12-22 23:12:54,468 [INFO] Finished chr22:INV.
2022-12-22 23:12:54,469 [INFO] Finished chr4_GL000008v2_random:INV.
2022-12-22 23:12:54,471 [INFO] Finished chr5:INV.
2022-12-22 23:12:54,473 [INFO] Finished chr8:INV.
2022-12-22 23:12:54,476 [INFO] Finished chr7:INV.
2022-12-22 23:12:54,476 [INFO] Finished chr6:INV.
2022-12-22 23:12:54,476 [INFO] Finished chr9:INV.
2022-12-22 23:12:54,477 [INFO] Finished chrM:INV.
2022-12-22 23:12:54,480 [INFO] Finished chrUn_KI270744v1:INS.
2022-12-22 23:12:54,481 [INFO] Finished chrUn_KI270466v1:INV.
2022-12-22 23:12:54,483 [INFO] Finished chrUn_GL000219v1:INV.
2022-12-22 23:12:54,483 [INFO] Finished chrUn_GL000224v1:INV.
2022-12-22 23:12:54,484 [INFO] Finished chr1:DUP.
2022-12-22 23:12:54,485 [INFO] Finished chrX:INV.
2022-12-22 23:12:54,486 [INFO] Finished chrUn_KI270438v1:INV.
2022-12-22 23:12:54,486 [INFO] Finished chr12:DUP.
2022-12-22 23:12:54,487 [INFO] Finished chrUn_KI270747v1:INS.
2022-12-22 23:12:54,488 [INFO] Finished chr10:DUP.
2022-12-22 23:12:54,488 [INFO] Finished chr13:DUP.
2022-12-22 23:12:54,488 [INFO] Finished chr11:DUP.
2022-12-22 23:12:54,489 [INFO] Finished chr15:DUP.
2022-12-22 23:12:54,489 [INFO] Finished chr16:DUP.
2022-12-22 23:12:54,490 [INFO] Finished chr14:DUP.
2022-12-22 23:12:54,491 [INFO] Finished chr19:DUP.
2022-12-22 23:12:54,491 [INFO] Finished chr17_KI270730v1_random:DUP.
2022-12-22 23:12:54,491 [INFO] Finished chr18:DUP.
2022-12-22 23:12:54,492 [INFO] Finished chr17:DUP.
2022-12-22 23:12:54,492 [INFO] Finished chr2:DUP.
2022-12-22 23:12:54,493 [INFO] Finished chr21:DUP.
2022-12-22 23:12:54,493 [INFO] Finished chr22_KI270736v1_random:DUP.
2022-12-22 23:12:54,493 [INFO] Finished chr20:DUP.
2022-12-22 23:12:54,494 [INFO] Finished chr22:DUP.
2022-12-22 23:12:54,494 [INFO] Finished chr4:DUP.
2022-12-22 23:12:54,496 [INFO] Finished chr5:DUP.
2022-12-22 23:12:54,496 [INFO] Finished chr6:DUP.
2022-12-22 23:12:54,496 [INFO] Finished chr8:DUP.
2022-12-22 23:12:54,496 [INFO] Finished chr7:DUP.
2022-12-22 23:12:54,496 [INFO] Finished chr9:DUP.
2022-12-22 23:12:54,498 [INFO] Finished chrUn_KI270438v1:DUP.
2022-12-22 23:12:54,498 [INFO] Finished chrM:DUP.
2022-12-22 23:12:54,499 [INFO] Finished chrUn_KI270467v1:DUP.
2022-12-22 23:12:54,499 [INFO] Finished chrUn_KI270754v1:DUP.
2022-12-22 23:12:54,499 [INFO] Finished chrUn_KI270442v1:DUP.
2022-12-22 23:12:54,499 [INFO] Finished chr3:DUP.
2022-12-22 23:12:54,500 [INFO] Finished chrX:DUP.
2022-12-22 23:12:54,502 [INFO] Finished chrUn_KI270750v1:INS.
2022-12-22 23:12:54,503 [INFO] Finished chrUn_KI270749v1:INS.
2022-12-22 23:12:54,505 [INFO] Finished chrUn_KI270746v1:INS.
2022-12-22 23:12:54,509 [INFO] Finished chr1-chr10:TRA/BND.
2022-12-22 23:12:54,509 [INFO] Finished chr1-chr11:TRA/BND.
2022-12-22 23:12:54,509 [INFO] Finished chr1-chr12:TRA/BND.
2022-12-22 23:12:54,510 [INFO] Finished chr1-chr14_GL000009v2_random:TRA/BND.
2022-12-22 23:12:54,510 [INFO] Finished chr1-chr14:TRA/BND.
2022-12-22 23:12:54,511 [INFO] Finished chr1-chr13:TRA/BND.
2022-12-22 23:12:54,513 [INFO] Finished chrUn_KI270751v1:INS.
2022-12-22 23:12:54,514 [INFO] Finished chrUn_KI270754v1:INS.
2022-12-22 23:12:54,515 [INFO] Finished chr1-chr14_GL000225v1_random:TRA/BND.
2022-12-22 23:12:54,515 [INFO] Finished chr1-chr15:TRA/BND.
2022-12-22 23:12:54,517 [INFO] Finished chr1-chr15_KI270727v1_random:TRA/BND.
2022-12-22 23:12:54,519 [INFO] Finished chr1-chr16:TRA/BND.
2022-12-22 23:12:54,520 [INFO] Finished chr1-chr16_KI270728v1_random:TRA/BND.
2022-12-22 23:12:54,521 [INFO] Finished chr1-chr17_GL000205v2_random:TRA/BND.
2022-12-22 23:12:54,521 [INFO] Finished chr1-chr18:TRA/BND.
2022-12-22 23:12:54,522 [INFO] Finished chr1-chr19:TRA/BND.
2022-12-22 23:12:54,525 [INFO] Finished chr1-chr1_KI270712v1_random:TRA/BND.
2022-12-22 23:12:54,526 [INFO] Finished chr1-chr1_KI270714v1_random:TRA/BND.
2022-12-22 23:12:54,527 [INFO] Finished chr1-chr20:TRA/BND.
2022-12-22 23:12:54,527 [INFO] Finished chr1-chr2:TRA/BND.
2022-12-22 23:12:54,529 [INFO] Finished chr1-chr21:TRA/BND.
2022-12-22 23:12:54,530 [INFO] Finished chr1-chr22:TRA/BND.
2022-12-22 23:12:54,530 [INFO] Finished chr1-chr17:TRA/BND.
2022-12-22 23:12:54,530 [INFO] Finished chr1-chr3:TRA/BND.
2022-12-22 23:12:54,531 [INFO] Finished chr1-chr4:TRA/BND.
2022-12-22 23:12:54,531 [INFO] Finished chr1-chr5:TRA/BND.
2022-12-22 23:12:54,534 [INFO] Finished chr1-chr6:TRA/BND.
2022-12-22 23:12:54,538 [INFO] Finished chr1-chr7:TRA/BND.
2022-12-22 23:12:54,538 [INFO] Finished chr1-chr8:TRA/BND.
2022-12-22 23:12:54,539 [INFO] Finished chr1-chr9:TRA/BND.
2022-12-22 23:12:54,539 [INFO] Finished chr1-chr9_KI270719v1_random:TRA/BND.
2022-12-22 23:12:54,540 [INFO] Finished chr1-chrUn_GL000216v2:TRA/BND.
2022-12-22 23:12:54,540 [INFO] Finished chr1-chrUn_GL000220v1:TRA/BND.
2022-12-22 23:12:54,541 [INFO] Finished chr1-chrUn_GL000224v1:TRA/BND.
2022-12-22 23:12:54,541 [INFO] Finished chr1-chrM:TRA/BND.
2022-12-22 23:12:54,541 [INFO] Finished chr1-chrUn_KI270333v1:TRA/BND.
2022-12-22 23:12:54,541 [INFO] Finished chr1-chrUn_KI270337v1:TRA/BND.
2022-12-22 23:12:54,544 [INFO] Finished chrUn_KI270755v1:INS.
2022-12-22 23:12:54,546 [INFO] Finished chr1-chrUn_KI270438v1:TRA/BND.
2022-12-22 23:12:54,550 [INFO] Finished chr1-chrUn_KI270467v1:TRA/BND.
2022-12-22 23:12:54,550 [INFO] Finished chr1-chrUn_KI270743v1:TRA/BND.
2022-12-22 23:12:54,550 [INFO] Finished chr1-chrX:TRA/BND.
2022-12-22 23:12:54,550 [INFO] Finished chr1-chrUn_KI270749v1:TRA/BND.
2022-12-22 23:12:54,550 [INFO] Finished chr1-chrY:TRA/BND.
2022-12-22 23:12:54,550 [INFO] Finished chr1-chrUn_KI270746v1:TRA/BND.
2022-12-22 23:12:54,551 [INFO] Finished chr10-chr11:TRA/BND.
2022-12-22 23:12:54,552 [INFO] Finished chr10-chr13:TRA/BND.
2022-12-22 23:12:54,552 [INFO] Finished chr10-chr14:TRA/BND.
2022-12-22 23:12:54,552 [INFO] Finished chrUn_KI270756v1:INS.
2022-12-22 23:12:54,553 [INFO] Finished chr10-chr12:TRA/BND.
2022-12-22 23:12:54,556 [INFO] Finished chr10-chr14_GL000225v1_random:TRA/BND.
2022-12-22 23:12:54,558 [INFO] Finished chr10-chr14_KI270724v1_random:TRA/BND.
2022-12-22 23:12:54,560 [INFO] Finished chr10-chr17:TRA/BND.
2022-12-22 23:12:54,561 [INFO] Finished chr10-chr17_GL000205v2_random:TRA/BND.
2022-12-22 23:12:54,561 [INFO] Finished chr10-chr18:TRA/BND.
2022-12-22 23:12:54,562 [INFO] Finished chr10-chr1_KI270709v1_random:TRA/BND.
2022-12-22 23:12:54,562 [INFO] Finished chr10-chr19:TRA/BND.
2022-12-22 23:12:54,562 [INFO] Finished chr10-chr16:TRA/BND.
2022-12-22 23:12:54,562 [INFO] Finished chr10-chr17_KI270730v1_random:TRA/BND.
2022-12-22 23:12:54,562 [INFO] Finished chr10-chr15:TRA/BND.
2022-12-22 23:12:54,562 [INFO] Finished chr10-chr17_KI270729v1_random:TRA/BND.
2022-12-22 23:12:54,564 [INFO] Finished chr10-chr2:TRA/BND.
2022-12-22 23:12:54,564 [INFO] Finished chr10-chr20:TRA/BND.
2022-12-22 23:12:54,568 [INFO] Finished chr10-chr21:TRA/BND.
2022-12-22 23:12:54,570 [INFO] Finished chr10-chr22:TRA/BND.
2022-12-22 23:12:54,571 [INFO] Finished chr10-chr22_KI270733v1_random:TRA/BND.
2022-12-22 23:12:54,571 [INFO] Finished chr10-chr22_KI270736v1_random:TRA/BND.
2022-12-22 23:12:54,572 [INFO] Finished chr10-chr3:TRA/BND.
2022-12-22 23:12:54,572 [INFO] Finished chr10-chr3_GL000221v1_random:TRA/BND.
2022-12-22 23:12:54,572 [INFO] Finished chr10-chr4:TRA/BND.
2022-12-22 23:12:54,574 [INFO] Finished chr10-chr5:TRA/BND.
2022-12-22 23:12:54,574 [INFO] Finished chr10-chr6:TRA/BND.
2022-12-22 23:12:54,574 [INFO] Finished chr10-chr8:TRA/BND.
2022-12-22 23:12:54,575 [INFO] Finished chr10-chr7:TRA/BND.
2022-12-22 23:12:54,576 [INFO] Finished chr10-chrM:TRA/BND.
2022-12-22 23:12:54,576 [INFO] Finished chr10-chr9:TRA/BND.
2022-12-22 23:12:54,580 [INFO] Finished chr10-chrUn_GL000195v1:TRA/BND.
2022-12-22 23:12:54,581 [INFO] Finished chr10-chrUn_GL000220v1:TRA/BND.
2022-12-22 23:12:54,581 [INFO] Finished chr10-chrUn_GL000224v1:TRA/BND.
2022-12-22 23:12:54,582 [INFO] Finished chr10-chrUn_GL000218v1:TRA/BND.
2022-12-22 23:12:54,582 [INFO] Finished chr10-chrUn_KI270337v1:TRA/BND.
2022-12-22 23:12:54,582 [INFO] Finished chr10-chrUn_KI270438v1:TRA/BND.
2022-12-22 23:12:54,583 [INFO] Finished chr10-chrUn_KI270742v1:TRA/BND.
2022-12-22 23:12:54,587 [INFO] Finished chr11-chr12:TRA/BND.
2022-12-22 23:12:54,587 [INFO] Finished chr10-chrX:TRA/BND.
2022-12-22 23:12:54,588 [INFO] Finished chr10-chrY:TRA/BND.
2022-12-22 23:12:54,589 [INFO] Finished chr11-chr13:TRA/BND.
2022-12-22 23:12:54,590 [INFO] Finished chr11-chr14:TRA/BND.
2022-12-22 23:12:54,590 [INFO] Finished chr10-chrUn_KI270757v1:TRA/BND.
2022-12-22 23:12:54,592 [INFO] Finished chr11-chr16:TRA/BND.
2022-12-22 23:12:54,593 [INFO] Finished chr11-chr19:TRA/BND.
2022-12-22 23:12:54,593 [INFO] Finished chr11-chr2:TRA/BND.
2022-12-22 23:12:54,594 [INFO] Finished chr11-chr15:TRA/BND.
2022-12-22 23:12:54,594 [INFO] Finished chr11-chr18:TRA/BND.
2022-12-22 23:12:54,595 [INFO] Finished chr11-chr20:TRA/BND.
2022-12-22 23:12:54,599 [INFO] Finished chr11-chr21:TRA/BND.
2022-12-22 23:12:54,599 [INFO] Finished chr11-chr22:TRA/BND.
2022-12-22 23:12:54,600 [INFO] Finished chr11-chr22_KI270733v1_random:TRA/BND.
2022-12-22 23:12:54,600 [INFO] Finished chr11-chr3:TRA/BND.
2022-12-22 23:12:54,602 [INFO] Finished chr11-chr4:TRA/BND.
2022-12-22 23:12:54,602 [INFO] Finished chr11-chr17:TRA/BND.
2022-12-22 23:12:54,602 [INFO] Finished chr11-chr6:TRA/BND.
2022-12-22 23:12:54,603 [INFO] Finished chr11-chr7:TRA/BND.
2022-12-22 23:12:54,604 [INFO] Finished chr11-chr8:TRA/BND.
2022-12-22 23:12:54,604 [INFO] Finished chrY:INS.
2022-12-22 23:12:54,605 [INFO] Finished chr11-chrUn_GL000220v1:TRA/BND.
2022-12-22 23:12:54,606 [INFO] Finished chr11-chrM:TRA/BND.
2022-12-22 23:12:54,606 [INFO] Finished chr11-chr9:TRA/BND.
2022-12-22 23:12:54,607 [INFO] Finished chr11-chr5:TRA/BND.
2022-12-22 23:12:54,612 [INFO] Finished chrX:INS.
2022-12-22 23:12:54,612 [INFO] Finished chr11-chrUn_KI270742v1:TRA/BND.
2022-12-22 23:12:54,612 [INFO] Finished chr11-chrUn_KI270744v1:TRA/BND.
2022-12-22 23:12:54,612 [INFO] Finished chr11-chrY:TRA/BND.
2022-12-22 23:12:54,613 [INFO] Finished chr12-chr13:TRA/BND.
2022-12-22 23:12:54,614 [INFO] Finished chr11-chrUn_KI270751v1:TRA/BND.
2022-12-22 23:12:54,614 [INFO] Finished chr12-chr14:TRA/BND.
2022-12-22 23:12:54,614 [INFO] Finished chr11-chrX:TRA/BND.
2022-12-22 23:12:54,614 [INFO] Finished chr11-chrUn_KI270467v1:TRA/BND.
2022-12-22 23:12:54,615 [INFO] Finished chr11-chrUn_KI270333v1:TRA/BND.
2022-12-22 23:12:54,616 [INFO] Finished chr12-chr15:TRA/BND.
2022-12-22 23:12:54,616 [INFO] Finished chr12-chr14_GL000225v1_random:TRA/BND.
2022-12-22 23:12:54,618 [INFO] Finished chr12-chr16:TRA/BND.
2022-12-22 23:12:54,619 [INFO] Finished chr12-chr18:TRA/BND.
2022-12-22 23:12:54,621 [INFO] Finished chr12-chr17:TRA/BND.
2022-12-22 23:12:54,623 [INFO] Finished chr12-chr20:TRA/BND.
2022-12-22 23:12:54,624 [INFO] Finished chr12-chr1_KI270709v1_random:TRA/BND.
2022-12-22 23:12:54,624 [INFO] Finished chr12-chr21:TRA/BND.
2022-12-22 23:12:54,624 [INFO] Finished chr12-chr19:TRA/BND.
2022-12-22 23:12:54,624 [INFO] Finished chr12-chr3:TRA/BND.
2022-12-22 23:12:54,624 [INFO] Finished chr12-chr2:TRA/BND.
2022-12-22 23:12:54,625 [INFO] Finished chrUn_KI270757v1:INS.
2022-12-22 23:12:54,626 [INFO] Finished chr12-chr22:TRA/BND.
2022-12-22 23:12:54,626 [INFO] Finished chr12-chr7:TRA/BND.
2022-12-22 23:12:54,626 [INFO] Finished chr12-chr4:TRA/BND.
2022-12-22 23:12:54,626 [INFO] Finished chr12-chr5:TRA/BND.
2022-12-22 23:12:54,627 [INFO] Finished chr12-chr6:TRA/BND.
2022-12-22 23:12:54,628 [INFO] Finished chr12-chr8:TRA/BND.
2022-12-22 23:12:54,630 [INFO] Finished chr12-chr9:TRA/BND.
2022-12-22 23:12:54,630 [INFO] Finished chr12-chrM:TRA/BND.
2022-12-22 23:12:54,632 [INFO] Finished chr12-chrUn_GL000216v2:TRA/BND.
2022-12-22 23:12:54,633 [INFO] Finished chr12-chrUn_GL000220v1:TRA/BND.
2022-12-22 23:12:54,634 [INFO] Finished chr12-chrUn_KI270442v1:TRA/BND.
2022-12-22 23:12:54,634 [INFO] Finished chr12-chrUn_KI270467v1:TRA/BND.
2022-12-22 23:12:54,635 [INFO] Finished chr12-chrUn_KI270438v1:TRA/BND.
2022-12-22 23:12:54,636 [INFO] Finished chr12-chrUn_KI270466v1:TRA/BND.
2022-12-22 23:12:54,636 [INFO] Finished chr13-chr14:TRA/BND.
2022-12-22 23:12:54,637 [INFO] Finished chr12-chrY:TRA/BND.
2022-12-22 23:12:54,638 [INFO] Finished chr13-chr14_KI270724v1_random:TRA/BND.
2022-12-22 23:12:54,638 [INFO] Finished chr13-chr15:TRA/BND.
2022-12-22 23:12:54,638 [INFO] Finished chr13-chr16:TRA/BND.
2022-12-22 23:12:54,640 [INFO] Finished chr13-chr17:TRA/BND.
2022-12-22 23:12:54,641 [INFO] Finished chr13-chr18:TRA/BND.
2022-12-22 23:12:54,642 [INFO] Finished chr13-chr2:TRA/BND.
2022-12-22 23:12:54,642 [INFO] Finished chr13-chr19:TRA/BND.
2022-12-22 23:12:54,643 [INFO] Finished chr13-chr20:TRA/BND.
2022-12-22 23:12:54,644 [INFO] Finished chr12-chrUn_KI270745v1:TRA/BND.
2022-12-22 23:12:54,644 [INFO] Finished chr13-chr21:TRA/BND.
2022-12-22 23:12:54,644 [INFO] Finished chr13-chr22:TRA/BND.
2022-12-22 23:12:54,644 [INFO] Finished chr12-chrX:TRA/BND.
2022-12-22 23:12:54,646 [INFO] Finished chr13-chr4:TRA/BND.
2022-12-22 23:12:54,647 [INFO] Finished chr13-chr3:TRA/BND.
2022-12-22 23:12:54,647 [INFO] Finished chr13-chr3_GL000221v1_random:TRA/BND.
2022-12-22 23:12:54,649 [INFO] Finished chr13-chr5:TRA/BND.
2022-12-22 23:12:54,649 [INFO] Finished chr13-chr6:TRA/BND.
2022-12-22 23:12:54,650 [INFO] Finished chr13-chr7:TRA/BND.
2022-12-22 23:12:54,650 [INFO] Finished chr13-chr8:TRA/BND.
2022-12-22 23:12:54,652 [INFO] Finished chr13-chr9:TRA/BND.
2022-12-22 23:12:54,652 [INFO] Finished chr13-chrUn_GL000214v1:TRA/BND.
2022-12-22 23:12:54,653 [INFO] Finished chr13-chrM:TRA/BND.
2022-12-22 23:12:54,653 [INFO] Finished chr13-chrUn_GL000219v1:TRA/BND.
2022-12-22 23:12:54,654 [INFO] Finished chr13-chrUn_GL000216v2:TRA/BND.
2022-12-22 23:12:54,654 [INFO] Finished chr13-chrUn_KI270438v1:TRA/BND.
2022-12-22 23:12:54,654 [INFO] Finished chr13-chrUn_GL000226v1:TRA/BND.
2022-12-22 23:12:54,654 [INFO] Finished chr13-chrUn_KI270337v1:TRA/BND.
2022-12-22 23:12:54,655 [INFO] Finished chr13-chrUn_KI270442v1:TRA/BND.
2022-12-22 23:12:54,657 [INFO] Finished chr13-chrUn_KI270538v1:TRA/BND.
2022-12-22 23:12:54,659 [INFO] Finished chr13-chrUn_KI270754v1:TRA/BND.
2022-12-22 23:12:54,659 [INFO] Finished chr13-chrX:TRA/BND.
2022-12-22 23:12:54,661 [INFO] Finished chr13-chrY:TRA/BND.
2022-12-22 23:12:54,661 [INFO] Finished chr14-chr14_GL000225v1_random:TRA/BND.
2022-12-22 23:12:54,661 [INFO] Finished chr14-chr15:TRA/BND.
2022-12-22 23:12:54,662 [INFO] Finished chr14-chr16:TRA/BND.
2022-12-22 23:12:54,663 [INFO] Finished chr14-chr17:TRA/BND.
2022-12-22 23:12:54,664 [INFO] Finished chr14-chr21:TRA/BND.
2022-12-22 23:12:54,665 [INFO] Finished chr14-chr19:TRA/BND.
2022-12-22 23:12:54,665 [INFO] Finished chr14-chr22:TRA/BND.
2022-12-22 23:12:54,665 [INFO] Finished chr14-chr3:TRA/BND.
2022-12-22 23:12:54,666 [INFO] Finished chr14-chr20:TRA/BND.
2022-12-22 23:12:54,667 [INFO] Finished chr14-chr18:TRA/BND.
2022-12-22 23:12:54,667 [INFO] Finished chr14-chr4:TRA/BND.
2022-12-22 23:12:54,669 [INFO] Finished chr14-chr2:TRA/BND.
2022-12-22 23:12:54,671 [INFO] Finished chr14-chr5:TRA/BND.
2022-12-22 23:12:54,671 [INFO] Finished chr14-chr6:TRA/BND.
2022-12-22 23:12:54,672 [INFO] Finished chr14-chr22_KI270733v1_random:TRA/BND.
2022-12-22 23:12:54,673 [INFO] Finished chr14-chr8:TRA/BND.
2022-12-22 23:12:54,673 [INFO] Finished chr14-chr7:TRA/BND.
2022-12-22 23:12:54,673 [INFO] Finished chr14-chr9:TRA/BND.
2022-12-22 23:12:54,674 [INFO] Finished chr14-chrM:TRA/BND.
2022-12-22 23:12:54,675 [INFO] Finished chr14-chrUn_KI270442v1:TRA/BND.
2022-12-22 23:12:54,675 [INFO] Finished chr14-chrUn_KI270438v1:TRA/BND.
2022-12-22 23:12:54,675 [INFO] Finished chr14-chrX:TRA/BND.
2022-12-22 23:12:54,675 [INFO] Finished chr14_GL000009v2_random-chr17:TRA/BND.
2022-12-22 23:12:54,676 [INFO] Finished chr14-chrUn_KI270519v1:TRA/BND.
2022-12-22 23:12:54,677 [INFO] Finished chr14_GL000194v1_random-chr14_GL000225v1_random:TRA/BND.
2022-12-22 23:12:54,678 [INFO] Finished chr14_GL000009v2_random-chr18:TRA/BND.
2022-12-22 23:12:54,680 [INFO] Finished chr14_GL000194v1_random-chr9:TRA/BND.
2022-12-22 23:12:54,681 [INFO] Finished chr14_GL000009v2_random-chr2:TRA/BND.
2022-12-22 23:12:54,682 [INFO] Finished chr14_GL000225v1_random-chr18:TRA/BND.
2022-12-22 23:12:54,683 [INFO] Finished chr14_GL000225v1_random-chr14_KI270723v1_random:TRA/BND.
2022-12-22 23:12:54,683 [INFO] Finished chr14_GL000225v1_random-chr17:TRA/BND.
2022-12-22 23:12:54,685 [INFO] Finished chr14_GL000225v1_random-chr4:TRA/BND.
2022-12-22 23:12:54,685 [INFO] Finished chr14_GL000225v1_random-chr2:TRA/BND.
2022-12-22 23:12:54,685 [INFO] Finished chr14_GL000225v1_random-chr21:TRA/BND.
2022-12-22 23:12:54,685 [INFO] Finished chr14_GL000225v1_random-chr6:TRA/BND.
2022-12-22 23:12:54,685 [INFO] Finished chr14_GL000225v1_random-chr19:TRA/BND.
2022-12-22 23:12:54,686 [INFO] Finished chr14_GL000225v1_random-chr7:TRA/BND.
2022-12-22 23:12:54,686 [INFO] Finished chr14_GL000225v1_random-chr3:TRA/BND.
2022-12-22 23:12:54,687 [INFO] Finished chr14_GL000225v1_random-chrY:TRA/BND.
2022-12-22 23:12:54,687 [INFO] Finished chr14_GL000225v1_random-chr5:TRA/BND.
2022-12-22 23:12:54,688 [INFO] Finished chr14_GL000225v1_random-chrUn_GL000216v2:TRA/BND.
2022-12-22 23:12:54,690 [INFO] Finished chr14_KI270723v1_random-chr8:TRA/BND.
2022-12-22 23:12:54,690 [INFO] Finished chr14_KI270723v1_random-chr6:TRA/BND.
2022-12-22 23:12:54,693 [INFO] Finished chr14_KI270725v1_random-chr16:TRA/BND.
2022-12-22 23:12:54,695 [INFO] Finished chr14_KI270725v1_random-chr3:TRA/BND.
2022-12-22 23:12:54,695 [INFO] Finished chr15-chr17:TRA/BND.
2022-12-22 23:12:54,696 [INFO] Finished chr14_KI270725v1_random-chr15:TRA/BND.
2022-12-22 23:12:54,696 [INFO] Finished chr15-chr21:TRA/BND.
2022-12-22 23:12:54,696 [INFO] Finished chr15-chr2:TRA/BND.
2022-12-22 23:12:54,696 [INFO] Finished chr15-chr16:TRA/BND.
2022-12-22 23:12:54,697 [INFO] Finished chr15-chr19:TRA/BND.
2022-12-22 23:12:54,697 [INFO] Finished chr15-chr18:TRA/BND.
2022-12-22 23:12:54,697 [INFO] Finished chr15-chr22_KI270732v1_random:TRA/BND.
2022-12-22 23:12:54,698 [INFO] Finished chr15-chr20:TRA/BND.
2022-12-22 23:12:54,698 [INFO] Finished chr15-chr22:TRA/BND.
2022-12-22 23:12:54,699 [INFO] Finished chr15-chr3:TRA/BND.
2022-12-22 23:12:54,700 [INFO] Finished chr15-chr4:TRA/BND.
2022-12-22 23:12:54,700 [INFO] Finished chr15-chr5:TRA/BND.
2022-12-22 23:12:54,702 [INFO] Finished chr15-chr6:TRA/BND.
2022-12-22 23:12:54,703 [INFO] Finished chr15-chr7:TRA/BND.
2022-12-22 23:12:54,706 [INFO] Finished chr15-chr9:TRA/BND.
2022-12-22 23:12:54,706 [INFO] Finished chr15-chrM:TRA/BND.
2022-12-22 23:12:54,706 [INFO] Finished chr15-chrUn_GL000216v2:TRA/BND.
2022-12-22 23:12:54,707 [INFO] Finished chr15-chr8:TRA/BND.
2022-12-22 23:12:54,707 [INFO] Finished chr15-chrUn_GL000220v1:TRA/BND.
2022-12-22 23:12:54,708 [INFO] Finished chr15-chrX:TRA/BND.
2022-12-22 23:12:54,708 [INFO] Finished chr15-chrUn_KI270442v1:TRA/BND.
2022-12-22 23:12:54,708 [INFO] Finished chr15-chrUn_KI270438v1:TRA/BND.
2022-12-22 23:12:54,708 [INFO] Finished chr15-chrUn_KI270519v1:TRA/BND.
2022-12-22 23:12:54,711 [INFO] Finished chr16-chr16_KI270728v1_random:TRA/BND.
2022-12-22 23:12:54,711 [INFO] Finished chr15-chrY:TRA/BND.
2022-12-22 23:12:54,711 [INFO] Finished chr16-chr17:TRA/BND.
2022-12-22 23:12:54,711 [INFO] Finished chr16-chr19:TRA/BND.
2022-12-22 23:12:54,713 [INFO] Finished chr16-chr18:TRA/BND.
2022-12-22 23:12:54,714 [INFO] Finished chr16-chr20:TRA/BND.
2022-12-22 23:12:54,714 [INFO] Finished chr16-chr2:TRA/BND.
2022-12-22 23:12:54,716 [INFO] Finished chr16-chr22:TRA/BND.
2022-12-22 23:12:54,716 [INFO] Finished chr16-chr22_KI270736v1_random:TRA/BND.
2022-12-22 23:12:54,717 [INFO] Finished chr16-chr21:TRA/BND.
2022-12-22 23:12:54,718 [INFO] Finished chr16-chr5:TRA/BND.
2022-12-22 23:12:54,718 [INFO] Finished chr16-chr3:TRA/BND.
2022-12-22 23:12:54,720 [INFO] Finished chr16-chr6:TRA/BND.
2022-12-22 23:12:54,720 [INFO] Finished chr16-chr7:TRA/BND.
2022-12-22 23:12:54,720 [INFO] Finished chr16-chr8:TRA/BND.
2022-12-22 23:12:54,721 [INFO] Finished chr16-chrUn_GL000214v1:TRA/BND.
2022-12-22 23:12:54,723 [INFO] Finished chr16-chrM:TRA/BND.
2022-12-22 23:12:54,723 [INFO] Finished chr16-chr9:TRA/BND.
2022-12-22 23:12:54,723 [INFO] Finished chr16-chr9_KI270719v1_random:TRA/BND.
2022-12-22 23:12:54,724 [INFO] Finished chr16-chrUn_KI270438v1:TRA/BND.
2022-12-22 23:12:54,724 [INFO] Finished chr16-chrUn_GL000219v1:TRA/BND.
2022-12-22 23:12:54,726 [INFO] Finished chr16-chr4:TRA/BND.
2022-12-22 23:12:54,726 [INFO] Finished chr16-chrUn_KI270467v1:TRA/BND.
2022-12-22 23:12:54,727 [INFO] Finished chr16-chrUn_KI270529v1:TRA/BND.
2022-12-22 23:12:54,727 [INFO] Finished chr16-chrUn_KI270590v1:TRA/BND.
2022-12-22 23:12:54,729 [INFO] Finished chr16-chrX:TRA/BND.
2022-12-22 23:12:54,730 [INFO] Finished chr16_KI270728v1_random-chr19:TRA/BND.
2022-12-22 23:12:54,732 [INFO] Finished chr16_KI270728v1_random-chr7:TRA/BND.
2022-12-22 23:12:54,732 [INFO] Finished chr16_KI270728v1_random-chr2:TRA/BND.
2022-12-22 23:12:54,732 [INFO] Finished chr16_KI270728v1_random-chr4:TRA/BND.
2022-12-22 23:12:54,732 [INFO] Finished chr16_KI270728v1_random-chr6:TRA/BND.
2022-12-22 23:12:54,734 [INFO] Finished chr16_KI270728v1_random-chr9:TRA/BND.
2022-12-22 23:12:54,734 [INFO] Finished chr17-chr18:TRA/BND.
2022-12-22 23:12:54,735 [INFO] Finished chr16_KI270728v1_random-chrX:TRA/BND.
2022-12-22 23:12:54,735 [INFO] Finished chr16_KI270728v1_random-chrY:TRA/BND.
2022-12-22 23:12:54,736 [INFO] Finished chr17-chr19:TRA/BND.
2022-12-22 23:12:54,737 [INFO] Finished chr17-chr2:TRA/BND.
2022-12-22 23:12:54,737 [INFO] Finished chr17-chr21:TRA/BND.
2022-12-22 23:12:54,738 [INFO] Finished chr16-chrY:TRA/BND.
2022-12-22 23:12:54,738 [INFO] Finished chr17-chr20:TRA/BND.
2022-12-22 23:12:54,740 [INFO] Finished chr17-chr22_KI270733v1_random:TRA/BND.
2022-12-22 23:12:54,742 [INFO] Finished chr17-chr3:TRA/BND.
2022-12-22 23:12:54,742 [INFO] Finished chr17-chr22_KI270736v1_random:TRA/BND.
2022-12-22 23:12:54,742 [INFO] Finished chr17-chr22:TRA/BND.
2022-12-22 23:12:54,743 [INFO] Finished chr17-chr4:TRA/BND.
2022-12-22 23:12:54,744 [INFO] Finished chr17-chr5:TRA/BND.
2022-12-22 23:12:54,744 [INFO] Finished chr17-chr6:TRA/BND.
2022-12-22 23:12:54,745 [INFO] Finished chr17-chr8:TRA/BND.
2022-12-22 23:12:54,746 [INFO] Finished chr17-chr7:TRA/BND.
2022-12-22 23:12:54,746 [INFO] Finished chr17-chr9:TRA/BND.
2022-12-22 23:12:54,747 [INFO] Finished chr17-chrUn_GL000226v1:TRA/BND.
2022-12-22 23:12:54,748 [INFO] Finished chr17-chrM:TRA/BND.
2022-12-22 23:12:54,748 [INFO] Finished chr17-chrUn_KI270442v1:TRA/BND.
2022-12-22 23:12:54,749 [INFO] Finished chr17-chrUn_GL000220v1:TRA/BND.
2022-12-22 23:12:54,750 [INFO] Finished chr17-chrUn_KI270745v1:TRA/BND.
2022-12-22 23:12:54,750 [INFO] Finished chr17-chrUn_KI270757v1:TRA/BND.
2022-12-22 23:12:54,752 [INFO] Finished chr17-chrX:TRA/BND.
2022-12-22 23:12:54,752 [INFO] Finished chr17-chrUn_KI270438v1:TRA/BND.
2022-12-22 23:12:54,752 [INFO] Finished chr17_GL000205v2_random-chr8:TRA/BND.
2022-12-22 23:12:54,754 [INFO] Finished chr17_GL000205v2_random-chr2:TRA/BND.
2022-12-22 23:12:54,755 [INFO] Finished chr17_GL000205v2_random-chr9:TRA/BND.
2022-12-22 23:12:54,755 [INFO] Finished chr17_KI270729v1_random-chr2:TRA/BND.
2022-12-22 23:12:54,755 [INFO] Finished chr17_GL000205v2_random-chrM:TRA/BND.
2022-12-22 23:12:54,755 [INFO] Finished chr17_KI270729v1_random-chr19:TRA/BND.
2022-12-22 23:12:54,757 [INFO] Finished chr17_KI270729v1_random-chrUn_GL000216v2:TRA/BND.
2022-12-22 23:12:54,757 [INFO] Finished chr17_KI270729v1_random-chr5:TRA/BND.
2022-12-22 23:12:54,758 [INFO] Finished chr17_KI270729v1_random-chrX:TRA/BND.
2022-12-22 23:12:54,758 [INFO] Finished chr17_KI270729v1_random-chr9:TRA/BND.
2022-12-22 23:12:54,759 [INFO] Finished chr17_KI270730v1_random-chr2:TRA/BND.
2022-12-22 23:12:54,760 [INFO] Finished chr17_KI270730v1_random-chr4_GL000008v2_random:TRA/BND.
2022-12-22 23:12:54,760 [INFO] Finished chr17_KI270729v1_random-chrUn_KI270438v1:TRA/BND.
2022-12-22 23:12:54,762 [INFO] Finished chr17_KI270730v1_random-chr3:TRA/BND.
2022-12-22 23:12:54,762 [INFO] Finished chr17_KI270730v1_random-chrUn_KI270442v1:TRA/BND.
2022-12-22 23:12:54,762 [INFO] Finished chr18-chr19:TRA/BND.
2022-12-22 23:12:54,762 [INFO] Finished chr18-chr2:TRA/BND.
2022-12-22 23:12:54,765 [INFO] Finished chr18-chr22:TRA/BND.
2022-12-22 23:12:54,766 [INFO] Finished chr18-chr20:TRA/BND.
2022-12-22 23:12:54,767 [INFO] Finished chr18-chr21:TRA/BND.
2022-12-22 23:12:54,767 [INFO] Finished chr18-chr4_GL000008v2_random:TRA/BND.
2022-12-22 23:12:54,767 [INFO] Finished chr18-chr4:TRA/BND.
2022-12-22 23:12:54,767 [INFO] Finished chr18-chr3:TRA/BND.
2022-12-22 23:12:54,768 [INFO] Finished chr18-chr6:TRA/BND.
2022-12-22 23:12:54,769 [INFO] Finished chr18-chr5:TRA/BND.
2022-12-22 23:12:54,769 [INFO] Finished chr18-chr8:TRA/BND.
2022-12-22 23:12:54,770 [INFO] Finished chr18-chr9:TRA/BND.
2022-12-22 23:12:54,772 [INFO] Finished chr18-chrM:TRA/BND.
2022-12-22 23:12:54,772 [INFO] Finished chr18-chrUn_KI270749v1:TRA/BND.
2022-12-22 23:12:54,773 [INFO] Finished chr18-chrY:TRA/BND.
2022-12-22 23:12:54,773 [INFO] Finished chr18-chrX:TRA/BND.
2022-12-22 23:12:54,773 [INFO] Finished chr18-chr7:TRA/BND.
2022-12-22 23:12:54,773 [INFO] Finished chr18-chrUn_KI270438v1:TRA/BND.
2022-12-22 23:12:54,776 [INFO] Finished chr19-chr2:TRA/BND.
2022-12-22 23:12:54,777 [INFO] Finished chr19-chr22:TRA/BND.
2022-12-22 23:12:54,777 [INFO] Finished chr19-chr20:TRA/BND.
2022-12-22 23:12:54,779 [INFO] Finished chr19-chr21:TRA/BND.
2022-12-22 23:12:54,779 [INFO] Finished chr19-chr3:TRA/BND.
2022-12-22 23:12:54,779 [INFO] Finished chr19-chr22_KI270733v1_random:TRA/BND.
2022-12-22 23:12:54,780 [INFO] Finished chr19-chr22_KI270738v1_random:TRA/BND.
2022-12-22 23:12:54,780 [INFO] Finished chr19-chr6:TRA/BND.
2022-12-22 23:12:54,780 [INFO] Finished chr19-chr4:TRA/BND.
2022-12-22 23:12:54,781 [INFO] Finished chr19-chr5:TRA/BND.
2022-12-22 23:12:54,783 [INFO] Finished chr19-chr8:TRA/BND.
2022-12-22 23:12:54,783 [INFO] Finished chr19-chr9:TRA/BND.
2022-12-22 23:12:54,783 [INFO] Finished chr19-chrM:TRA/BND.
2022-12-22 23:12:54,783 [INFO] Finished chr19-chrUn_GL000216v2:TRA/BND.
2022-12-22 23:12:54,785 [INFO] Finished chr19-chr7:TRA/BND.
2022-12-22 23:12:54,785 [INFO] Finished chr19-chrUn_KI270438v1:TRA/BND.
2022-12-22 23:12:54,786 [INFO] Finished chr19-chrUn_KI270742v1:TRA/BND.
2022-12-22 23:12:54,788 [INFO] Finished chr19-chrX:TRA/BND.
2022-12-22 23:12:54,789 [INFO] Finished chr1_KI270709v1_random-chr21:TRA/BND.
2022-12-22 23:12:54,789 [INFO] Finished chr19-chrY:TRA/BND.
2022-12-22 23:12:54,790 [INFO] Finished chr1_KI270706v1_random-chr2:TRA/BND.
2022-12-22 23:12:54,790 [INFO] Finished chr1_KI270709v1_random-chr6:TRA/BND.
2022-12-22 23:12:54,790 [INFO] Finished chr1_KI270709v1_random-chr4:TRA/BND.
2022-12-22 23:12:54,791 [INFO] Finished chr1_KI270709v1_random-chr3:TRA/BND.
2022-12-22 23:12:54,792 [INFO] Finished chr1_KI270709v1_random-chr7:TRA/BND.
2022-12-22 23:12:54,793 [INFO] Finished chr1_KI270709v1_random-chr8:TRA/BND.
2022-12-22 23:12:54,793 [INFO] Finished chr1_KI270712v1_random-chr3:TRA/BND.
2022-12-22 23:12:54,793 [INFO] Finished chr1_KI270712v1_random-chr7:TRA/BND.
2022-12-22 23:12:54,793 [INFO] Finished chr1_KI270713v1_random-chr2:TRA/BND.
2022-12-22 23:12:54,794 [INFO] Finished chr1_KI270714v1_random-chr7:TRA/BND.
2022-12-22 23:12:54,796 [INFO] Finished chr1_KI270714v1_random-chr9:TRA/BND.
2022-12-22 23:12:54,797 [INFO] Finished chr2-chr21:TRA/BND.
2022-12-22 23:12:54,797 [INFO] Finished chr2-chr20:TRA/BND.
2022-12-22 23:12:54,798 [INFO] Finished chr2-chr22:TRA/BND.
2022-12-22 23:12:54,799 [INFO] Finished chr2-chr22_KI270733v1_random:TRA/BND.
2022-12-22 23:12:54,801 [INFO] Finished chr2-chr3:TRA/BND.
2022-12-22 23:12:54,801 [INFO] Finished chr2-chr4:TRA/BND.
2022-12-22 23:12:54,801 [INFO] Finished chr2-chr22_KI270734v1_random:TRA/BND.
2022-12-22 23:12:54,802 [INFO] Finished chr2-chr22_KI270736v1_random:TRA/BND.
2022-12-22 23:12:54,803 [INFO] Finished chr2-chr4_GL000008v2_random:TRA/BND.
2022-12-22 23:12:54,803 [INFO] Finished chr2-chr7:TRA/BND.
2022-12-22 23:12:54,804 [INFO] Finished chr2-chr5:TRA/BND.
2022-12-22 23:12:54,804 [INFO] Finished chr2-chr8:TRA/BND.
2022-12-22 23:12:54,804 [INFO] Finished chr2-chr9:TRA/BND.
2022-12-22 23:12:54,804 [INFO] Finished chr2-chrM:TRA/BND.
2022-12-22 23:12:54,805 [INFO] Finished chr2-chr6:TRA/BND.
2022-12-22 23:12:54,807 [INFO] Finished chr2-chrUn_GL000224v1:TRA/BND.
2022-12-22 23:12:54,808 [INFO] Finished chr2-chrUn_KI270311v1:TRA/BND.
2022-12-22 23:12:54,809 [INFO] Finished chr2-chrUn_GL000216v2:TRA/BND.
2022-12-22 23:12:54,809 [INFO] Finished chr2-chrUn_GL000226v1:TRA/BND.
2022-12-22 23:12:54,809 [INFO] Finished chr2-chrUn_KI270333v1:TRA/BND.
2022-12-22 23:12:54,811 [INFO] Finished chr2-chrUn_KI270435v1:TRA/BND.
2022-12-22 23:12:54,811 [INFO] Finished chr2-chrUn_KI270438v1:TRA/BND.
2022-12-22 23:12:54,813 [INFO] Finished chr2-chrUn_KI270442v1:TRA/BND.
2022-12-22 23:12:54,813 [INFO] Finished chr2-chrUn_KI270742v1:TRA/BND.
2022-12-22 23:12:54,814 [INFO] Finished chr2-chrUn_KI270466v1:TRA/BND.
2022-12-22 23:12:54,814 [INFO] Finished chr2-chrUn_KI270746v1:TRA/BND.
2022-12-22 23:12:54,814 [INFO] Finished chr2-chrY:TRA/BND.
2022-12-22 23:12:54,814 [INFO] Finished chr2-chrX:TRA/BND.
2022-12-22 23:12:54,814 [INFO] Finished chr2-chrUn_KI270467v1:TRA/BND.
2022-12-22 23:12:54,815 [INFO] Finished chr2-chrUn_KI270743v1:TRA/BND.
2022-12-22 23:12:54,816 [INFO] Finished chr20-chr21:TRA/BND.
2022-12-22 23:12:54,817 [INFO] Finished chr20-chr22:TRA/BND.
2022-12-22 23:12:54,818 [INFO] Finished chr20-chr3:TRA/BND.
2022-12-22 23:12:54,820 [INFO] Finished chr20-chr6:TRA/BND.
2022-12-22 23:12:54,821 [INFO] Finished chr20-chr4:TRA/BND.
2022-12-22 23:12:54,821 [INFO] Finished chr20-chr5:TRA/BND.
2022-12-22 23:12:54,821 [INFO] Finished chr20-chr7:TRA/BND.
2022-12-22 23:12:54,822 [INFO] Finished chr20-chr8:TRA/BND.
2022-12-22 23:12:54,824 [INFO] Finished chr20-chrM:TRA/BND.
2022-12-22 23:12:54,824 [INFO] Finished chr20-chrUn_GL000220v1:TRA/BND.
2022-12-22 23:12:54,825 [INFO] Finished chr20-chrUn_KI270333v1:TRA/BND.
2022-12-22 23:12:54,825 [INFO] Finished chr20-chrUn_GL000226v1:TRA/BND.
2022-12-22 23:12:54,825 [INFO] Finished chr20-chr9:TRA/BND.
2022-12-22 23:12:54,825 [INFO] Finished chr20-chrUn_GL000195v1:TRA/BND.
2022-12-22 23:12:54,826 [INFO] Finished chr20-chrUn_KI270442v1:TRA/BND.
2022-12-22 23:12:54,827 [INFO] Finished chr20-chrUn_KI270529v1:TRA/BND.
2022-12-22 23:12:54,828 [INFO] Finished chr20-chrUn_KI270591v1:TRA/BND.
2022-12-22 23:12:54,828 [INFO] Finished chr20-chrUn_KI270587v1:TRA/BND.
2022-12-22 23:12:54,829 [INFO] Finished chr20-chrUn_KI270757v1:TRA/BND.
2022-12-22 23:12:54,830 [INFO] Finished chr20-chrX:TRA/BND.
2022-12-22 23:12:54,831 [INFO] Finished chr21-chr22_KI270736v1_random:TRA/BND.
2022-12-22 23:12:54,832 [INFO] Finished chr21-chr3:TRA/BND.
2022-12-22 23:12:54,833 [INFO] Finished chr20-chrY:TRA/BND.
2022-12-22 23:12:54,833 [INFO] Finished chr21-chr22:TRA/BND.
2022-12-22 23:12:54,834 [INFO] Finished chr21-chr4:TRA/BND.
2022-12-22 23:12:54,835 [INFO] Finished chr21-chr5:TRA/BND.
2022-12-22 23:12:54,835 [INFO] Finished chr21-chr6:TRA/BND.
2022-12-22 23:12:54,837 [INFO] Finished chr21-chr8:TRA/BND.
2022-12-22 23:12:54,837 [INFO] Finished chr21-chr9:TRA/BND.
2022-12-22 23:12:54,838 [INFO] Finished chr21-chrUn_KI270442v1:TRA/BND.
2022-12-22 23:12:54,838 [INFO] Finished chr21-chrM:TRA/BND.
2022-12-22 23:12:54,839 [INFO] Finished chr21-chrUn_KI270333v1:TRA/BND.
2022-12-22 23:12:54,839 [INFO] Finished chr21-chrUn_KI270756v1:TRA/BND.
2022-12-22 23:12:54,840 [INFO] Finished chr21-chrUn_KI270742v1:TRA/BND.
2022-12-22 23:12:54,840 [INFO] Finished chr21-chrUn_KI270757v1:TRA/BND.
2022-12-22 23:12:54,841 [INFO] Finished chr21-chrX:TRA/BND.
2022-12-22 23:12:54,842 [INFO] Finished chr21-chrY:TRA/BND.
2022-12-22 23:12:54,843 [INFO] Finished chr21-chr7:TRA/BND.
2022-12-22 23:12:54,844 [INFO] Finished chr22-chr4:TRA/BND.
2022-12-22 23:12:54,845 [INFO] Finished chr22-chr3:TRA/BND.
2022-12-22 23:12:54,845 [INFO] Finished chr22-chr22_KI270738v1_random:TRA/BND.
2022-12-22 23:12:54,845 [INFO] Finished chr22-chr5:TRA/BND.
2022-12-22 23:12:54,845 [INFO] Finished chr22-chr6:TRA/BND.
2022-12-22 23:12:54,848 [INFO] Finished chr22-chr9:TRA/BND.
2022-12-22 23:12:54,849 [INFO] Finished chr22-chr7:TRA/BND.
2022-12-22 23:12:54,849 [INFO] Finished chr22-chr8:TRA/BND.
2022-12-22 23:12:54,849 [INFO] Finished chr22-chrX:TRA/BND.
2022-12-22 23:12:54,850 [INFO] Finished chr22-chrUn_KI270442v1:TRA/BND.
2022-12-22 23:12:54,850 [INFO] Finished chr22-chrUn_KI270467v1:TRA/BND.
2022-12-22 23:12:54,850 [INFO] Finished chr22_KI270732v1_random-chr8:TRA/BND.
2022-12-22 23:12:54,851 [INFO] Finished chr22_KI270733v1_random-chr3:TRA/BND.
2022-12-22 23:12:54,851 [INFO] Finished chr22-chrY:TRA/BND.
2022-12-22 23:12:54,852 [INFO] Finished chr22_KI270733v1_random-chr4:TRA/BND.
2022-12-22 23:12:54,854 [INFO] Finished chr22_KI270733v1_random-chr5:TRA/BND.
2022-12-22 23:12:54,854 [INFO] Finished chr22_KI270733v1_random-chr6:TRA/BND.
2022-12-22 23:12:54,855 [INFO] Finished chr22_KI270733v1_random-chrX:TRA/BND.
2022-12-22 23:12:54,855 [INFO] Finished chr22_KI270735v1_random-chr22_KI270736v1_random:TRA/BND.
2022-12-22 23:12:54,856 [INFO] Finished chr22_KI270733v1_random-chr7:TRA/BND.
2022-12-22 23:12:54,857 [INFO] Finished chr22_KI270733v1_random-chr9:TRA/BND.
2022-12-22 23:12:54,858 [INFO] Finished chr22_KI270735v1_random-chr4:TRA/BND.
2022-12-22 23:12:54,859 [INFO] Finished chr22_KI270736v1_random-chrUn_KI270438v1:TRA/BND.
2022-12-22 23:12:54,860 [INFO] Finished chr22_KI270735v1_random-chrX:TRA/BND.
2022-12-22 23:12:54,860 [INFO] Finished chr22_KI270736v1_random-chrUn_KI270751v1:TRA/BND.
2022-12-22 23:12:54,860 [INFO] Finished chr22_KI270736v1_random-chr4_GL000008v2_random:TRA/BND.
2022-12-22 23:12:54,861 [INFO] Finished chr22_KI270736v1_random-chrUn_KI270757v1:TRA/BND.
2022-12-22 23:12:54,862 [INFO] Finished chr22_KI270736v1_random-chrUn_KI270442v1:TRA/BND.
2022-12-22 23:12:54,862 [INFO] Finished chr22_KI270736v1_random-chrUn_KI270589v1:TRA/BND.
2022-12-22 23:12:54,862 [INFO] Finished chr22_KI270737v1_random-chrUn_KI270442v1:TRA/BND.
2022-12-22 23:12:54,863 [INFO] Finished chr22_KI270736v1_random-chrY:TRA/BND.
2022-12-22 23:12:54,864 [INFO] Finished chr22_KI270738v1_random-chr3:TRA/BND.
2022-12-22 23:12:54,865 [INFO] Finished chr3-chr4:TRA/BND.
2022-12-22 23:12:54,866 [INFO] Finished chr3-chr5:TRA/BND.
2022-12-22 23:12:54,866 [INFO] Finished chr3-chr6:TRA/BND.
2022-12-22 23:12:54,868 [INFO] Finished chr3-chr7:TRA/BND.
2022-12-22 23:12:54,869 [INFO] Finished chr3-chr9:TRA/BND.
2022-12-22 23:12:54,869 [INFO] Finished chr3-chr8:TRA/BND.
2022-12-22 23:12:54,869 [INFO] Finished chr3-chr9_KI270719v1_random:TRA/BND.
2022-12-22 23:12:54,871 [INFO] Finished chr3-chrUn_GL000214v1:TRA/BND.
2022-12-22 23:12:54,871 [INFO] Finished chr3-chrUn_GL000226v1:TRA/BND.
2022-12-22 23:12:54,872 [INFO] Finished chr3-chrM:TRA/BND.
2022-12-22 23:12:54,872 [INFO] Finished chr3-chrUn_GL000220v1:TRA/BND.
2022-12-22 23:12:54,873 [INFO] Finished chr3-chrUn_KI270337v1:TRA/BND.
2022-12-22 23:12:54,873 [INFO] Finished chr3-chrUn_KI270336v1:TRA/BND.
2022-12-22 23:12:54,874 [INFO] Finished chr3-chrUn_KI270333v1:TRA/BND.
2022-12-22 23:12:54,874 [INFO] Finished chr3-chrUn_KI270442v1:TRA/BND.
2022-12-22 23:12:54,875 [INFO] Finished chr3-chrUn_KI270438v1:TRA/BND.
2022-12-22 23:12:54,875 [INFO] Finished chr3-chrUn_KI270466v1:TRA/BND.
2022-12-22 23:12:54,876 [INFO] Finished chr3-chrUn_KI270467v1:TRA/BND.
2022-12-22 23:12:54,876 [INFO] Finished chr3-chrUn_KI270744v1:TRA/BND.
2022-12-22 23:12:54,879 [INFO] Finished chr3-chrY:TRA/BND.
2022-12-22 23:12:54,879 [INFO] Finished chr4-chr6:TRA/BND.
2022-12-22 23:12:54,880 [INFO] Finished chr3-chrX:TRA/BND.
2022-12-22 23:12:54,881 [INFO] Finished chr4-chr5:TRA/BND.
2022-12-22 23:12:54,881 [INFO] Finished chr4-chr8:TRA/BND.
2022-12-22 23:12:54,883 [INFO] Finished chr4-chrUn_GL000195v1:TRA/BND.
2022-12-22 23:12:54,883 [INFO] Finished chr4-chr9:TRA/BND.
2022-12-22 23:12:54,884 [INFO] Finished chr4-chrM:TRA/BND.
2022-12-22 23:12:54,885 [INFO] Finished chr4-chrUn_KI270333v1:TRA/BND.
2022-12-22 23:12:54,885 [INFO] Finished chr4-chrUn_GL000220v1:TRA/BND.
2022-12-22 23:12:54,886 [INFO] Finished chr4-chrUn_KI270337v1:TRA/BND.
2022-12-22 23:12:54,886 [INFO] Finished chr4-chrUn_GL000224v1:TRA/BND.
2022-12-22 23:12:54,886 [INFO] Finished chr4-chrUn_KI270438v1:TRA/BND.
2022-12-22 23:12:54,887 [INFO] Finished chr4-chrUn_KI270442v1:TRA/BND.
2022-12-22 23:12:54,887 [INFO] Finished chr4-chrUn_KI270336v1:TRA/BND.
2022-12-22 23:12:54,889 [INFO] Finished chr4-chrUn_KI270466v1:TRA/BND.
2022-12-22 23:12:54,890 [INFO] Finished chr4-chrX:TRA/BND.
2022-12-22 23:12:54,891 [INFO] Finished chr4-chr7:TRA/BND.
2022-12-22 23:12:54,891 [INFO] Finished chr4_GL000008v2_random-chrUn_KI270751v1:TRA/BND.
2022-12-22 23:12:54,892 [INFO] Finished chr4-chrY:TRA/BND.
2022-12-22 23:12:54,893 [INFO] Finished chr4_GL000008v2_random-chrUn_KI270442v1:TRA/BND.
2022-12-22 23:12:54,893 [INFO] Finished chr4_GL000008v2_random-chrY:TRA/BND.
2022-12-22 23:12:54,895 [INFO] Finished chr5-chr6:TRA/BND.
2022-12-22 23:12:54,896 [INFO] Finished chr5-chr8:TRA/BND.
2022-12-22 23:12:54,896 [INFO] Finished chr5-chr7:TRA/BND.
2022-12-22 23:12:54,896 [INFO] Finished chr5-chrM:TRA/BND.
2022-12-22 23:12:54,896 [INFO] Finished chr5-chr9:TRA/BND.
2022-12-22 23:12:54,896 [INFO] Finished chr5-chrUn_KI270438v1:TRA/BND.
2022-12-22 23:12:54,897 [INFO] Finished chr5-chrUn_KI270467v1:TRA/BND.
2022-12-22 23:12:54,898 [INFO] Finished chr5-chrUn_GL000220v1:TRA/BND.
2022-12-22 23:12:54,898 [INFO] Finished chr5-chrUn_KI270538v1:TRA/BND.
2022-12-22 23:12:54,900 [INFO] Finished chr5_GL000208v1_random-chr7:TRA/BND.
2022-12-22 23:12:54,900 [INFO] Finished chr5-chrX:TRA/BND.
2022-12-22 23:12:54,901 [INFO] Finished chr5_GL000208v1_random-chr8:TRA/BND.
2022-12-22 23:12:54,901 [INFO] Finished chr6-chr7:TRA/BND.
2022-12-22 23:12:54,903 [INFO] Finished chr6-chrM:TRA/BND.
2022-12-22 23:12:54,904 [INFO] Finished chr6-chr8:TRA/BND.
2022-12-22 23:12:54,905 [INFO] Finished chr6-chr9:TRA/BND.
2022-12-22 23:12:54,906 [INFO] Finished chr6-chrUn_GL000220v1:TRA/BND.
2022-12-22 23:12:54,906 [INFO] Finished chr6-chrUn_KI270438v1:TRA/BND.
2022-12-22 23:12:54,907 [INFO] Finished chr6-chrUn_GL000219v1:TRA/BND.
2022-12-22 23:12:54,907 [INFO] Finished chr6-chrUn_KI270751v1:TRA/BND.
2022-12-22 23:12:54,907 [INFO] Finished chr6-chrX:TRA/BND.
2022-12-22 23:12:54,907 [INFO] Finished chr6-chrUn_GL000224v1:TRA/BND.
2022-12-22 23:12:54,908 [INFO] Finished chr6-chrUn_KI270442v1:TRA/BND.
2022-12-22 23:12:54,909 [INFO] Finished chr6-chrY:TRA/BND.
2022-12-22 23:12:54,910 [INFO] Finished chr7-chr9:TRA/BND.
2022-12-22 23:12:54,910 [INFO] Finished chr7-chr9_KI270719v1_random:TRA/BND.
2022-12-22 23:12:54,910 [INFO] Finished chr7-chr8:TRA/BND.
2022-12-22 23:12:54,911 [INFO] Finished chr7-chrM:TRA/BND.
2022-12-22 23:12:54,911 [INFO] Finished chr7-chrUn_GL000195v1:TRA/BND.
2022-12-22 23:12:54,914 [INFO] Finished chr7-chrUn_GL000216v2:TRA/BND.
2022-12-22 23:12:54,916 [INFO] Finished chr7-chrUn_GL000219v1:TRA/BND.
2022-12-22 23:12:54,916 [INFO] Finished chr7-chrUn_GL000226v1:TRA/BND.
2022-12-22 23:12:54,917 [INFO] Finished chr7-chrUn_GL000220v1:TRA/BND.
2022-12-22 23:12:54,917 [INFO] Finished chr7-chrUn_KI270442v1:TRA/BND.
2022-12-22 23:12:54,917 [INFO] Finished chr7-chrUn_KI270749v1:TRA/BND.
2022-12-22 23:12:54,918 [INFO] Finished chr7-chrUn_KI270438v1:TRA/BND.
2022-12-22 23:12:54,919 [INFO] Finished chr7-chrUn_KI270750v1:TRA/BND.
2022-12-22 23:12:54,920 [INFO] Finished chr7-chrX:TRA/BND.
2022-12-22 23:12:54,920 [INFO] Finished chr8-chr9:TRA/BND.
2022-12-22 23:12:54,920 [INFO] Finished chr8-chrM:TRA/BND.
2022-12-22 23:12:54,921 [INFO] Finished chr8-chrUn_GL000220v1:TRA/BND.
2022-12-22 23:12:54,921 [INFO] Finished chr8-chrUn_KI270438v1:TRA/BND.
2022-12-22 23:12:54,921 [INFO] Finished chr7-chrY:TRA/BND.
2022-12-22 23:12:54,922 [INFO] Finished chr8-chrUn_GL000195v1:TRA/BND.
2022-12-22 23:12:54,924 [INFO] Finished chr8-chrUn_KI270519v1:TRA/BND.
2022-12-22 23:12:54,926 [INFO] Finished chr7-chrUn_KI270435v1:TRA/BND.
2022-12-22 23:12:54,927 [INFO] Finished chr8-chrY:TRA/BND.
2022-12-22 23:12:54,928 [INFO] Finished chr9-chrUn_GL000218v1:TRA/BND.
2022-12-22 23:12:54,928 [INFO] Finished chr8-chrX:TRA/BND.
2022-12-22 23:12:54,929 [INFO] Finished chr9-chrM:TRA/BND.
2022-12-22 23:12:54,930 [INFO] Finished chr9-chrUn_GL000220v1:TRA/BND.
2022-12-22 23:12:54,931 [INFO] Finished chr9-chrUn_GL000195v1:TRA/BND.
2022-12-22 23:12:54,931 [INFO] Finished chr9-chrUn_KI270467v1:TRA/BND.
2022-12-22 23:12:54,931 [INFO] Finished chr9-chrUn_KI270744v1:TRA/BND.
2022-12-22 23:12:54,931 [INFO] Finished chr9-chrUn_KI270438v1:TRA/BND.
2022-12-22 23:12:54,931 [INFO] Finished chr9-chrUn_KI270442v1:TRA/BND.
2022-12-22 23:12:54,931 [INFO] Finished chr9-chrX:TRA/BND.
2022-12-22 23:12:54,931 [INFO] Finished chr9-chrUn_KI270750v1:TRA/BND.
2022-12-22 23:12:54,933 [INFO] Finished chr9-chrY:TRA/BND.
2022-12-22 23:12:54,934 [INFO] Finished chrM-chrUn_KI270753v1:TRA/BND.
2022-12-22 23:12:54,934 [INFO] Finished chrM-chrX:TRA/BND.
2022-12-22 23:12:54,937 [INFO] Finished chrUn_GL000216v2-chrUn_KI270442v1:TRA/BND.
2022-12-22 23:12:54,937 [INFO] Finished chrUn_GL000219v1-chrX:TRA/BND.
2022-12-22 23:12:54,938 [INFO] Finished chrUn_GL000220v1-chrX:TRA/BND.
2022-12-22 23:12:54,939 [INFO] Finished chrUn_GL000224v1-chrUn_KI270442v1:TRA/BND.
2022-12-22 23:12:54,941 [INFO] Finished chrUn_KI270336v1-chrUn_KI270466v1:TRA/BND.
2022-12-22 23:12:54,941 [INFO] Finished chrUn_KI270337v1-chrUn_KI270466v1:TRA/BND.
2022-12-22 23:12:54,941 [INFO] Finished chrUn_KI270337v1-chrUn_KI270467v1:TRA/BND.
2022-12-22 23:12:54,941 [INFO] Finished chrUn_KI270384v1-chrUn_KI270396v1:TRA/BND.
2022-12-22 23:12:54,941 [INFO] Finished chrUn_KI270442v1-chrUn_KI270757v1:TRA/BND.
2022-12-22 23:12:54,941 [INFO] Finished chrUn_KI270336v1-chrUn_KI270467v1:TRA/BND.
2022-12-22 23:12:54,941 [INFO] Finished chrUn_KI270442v1-chrY:TRA/BND.
2022-12-22 23:12:54,942 [INFO] Finished chrUn_KI270438v1-chrX:TRA/BND.
2022-12-22 23:12:54,942 [INFO] Finished chrUn_KI270442v1-chrUn_KI270590v1:TRA/BND.
2022-12-22 23:12:54,944 [INFO] Finished chrUn_KI270591v1-chrY:TRA/BND.
2022-12-22 23:12:54,945 [INFO] Finished chrUn_KI270466v1-chrUn_KI270467v1:TRA/BND.
2022-12-22 23:12:54,945 [INFO] Finished chrUn_KI270589v1-chrUn_KI270757v1:TRA/BND.
2022-12-22 23:12:54,947 [INFO] Finished chrUn_KI270742v1-chrX:TRA/BND.
2022-12-22 23:12:54,947 [INFO] Finished chrUn_KI270751v1-chrY:TRA/BND.
2022-12-22 23:12:54,948 [INFO] Finished chrX-chrY:TRA/BND.
2022-12-22 23:12:54,955 [INFO] Writing to your output file.
2022-12-22 23:12:54,977 [INFO] Loading reference genome...
2022-12-22 23:13:19,000 [INFO] Cleaning temporary files.
2022-12-22 23:13:21,142 [INFO] Finished in 115.58 seconds.
bioconda/linux-64                                           Using cache
bioconda/noarch                                             Using cache
conda-forge/linux-64                                        Using cache
conda-forge/noarch                                          Using cache
Transaction

  Prefix: /home/lkemp/miniconda3/envs/htslib.1.10.2

  Updating specs:

   - bioconda::htslib=1.10.2


  Package                 Version  Build        Channel                    Size
─────────────────────────────────────────────────────────────────────────────────
  Install:
─────────────────────────────────────────────────────────────────────────────────

  + _libgcc_mutex             0.1  conda_forge  conda-forge/linux-64     Cached
  + _openmp_mutex             4.5  2_gnu        conda-forge/linux-64     Cached
  + bzip2                   1.0.8  h7f98852_4   conda-forge/linux-64     Cached
  + c-ares                 1.18.1  h7f98852_0   conda-forge/linux-64     Cached
  + ca-certificates     2022.12.7  ha878542_0   conda-forge/linux-64     Cached
  + htslib                 1.10.2  hd3b49d5_1   bioconda/linux-64        Cached
  + keyutils                1.6.1  h166bdaf_0   conda-forge/linux-64     Cached
  + krb5                   1.20.1  hf9c8cef_0   conda-forge/linux-64     Cached
  + libcurl                7.87.0  h6312ad2_0   conda-forge/linux-64     Cached
  + libdeflate                1.6  h516909a_0   conda-forge/linux-64     Cached
  + libedit          3.1.20191231  he28a2e2_2   conda-forge/linux-64     Cached
  + libev                    4.33  h516909a_1   conda-forge/linux-64     Cached
  + libgcc-ng              12.2.0  h65d4601_19  conda-forge/linux-64     Cached
  + libgomp                12.2.0  h65d4601_19  conda-forge/linux-64     Cached
  + libnghttp2             1.47.0  hdcd2b5c_1   conda-forge/linux-64     Cached
  + libssh2                1.10.0  haa6b8db_3   conda-forge/linux-64     Cached
  + libstdcxx-ng           12.2.0  h46fd767_19  conda-forge/linux-64     Cached
  + libzlib                1.2.13  h166bdaf_4   conda-forge/linux-64     Cached
  + ncurses                   6.3  h27087fc_1   conda-forge/linux-64     Cached
  + openssl                1.1.1s  h0b41bf4_1   conda-forge/linux-64     Cached
  + xz                      5.2.6  h166bdaf_0   conda-forge/linux-64     Cached
  + zlib                   1.2.13  h166bdaf_4   conda-forge/linux-64     Cached

  Summary:

  Install: 22 packages

  Total download: 0 B

─────────────────────────────────────────────────────────────────────────────────



Looking for: ['bioconda::htslib=1.10.2']


Preparing transaction: ...working... done
Verifying transaction: ...working... done
Executing transaction: ...working... done
#
# To activate this environment, use
#
#     $ conda activate htslib.1.10.2
#
# To deactivate an active environment, use
#
#     $ conda deactivate

