ONT Guppy basecalling software version 6.4.2+97a7f06, minimap2 version 2.24-r1122
config file:        /opt/admin/dsc/guppy-gpu/6.4.2/ont-guppy/data/dna_r9.4.1_450bps_hac.cfg
model file:         /opt/admin/dsc/guppy-gpu/6.4.2/ont-guppy/data/template_r9.4.1_450bps_hac.jsn
input path:         /NGS/humangenomics/active/2022/run/ont_human_workflow//fast5/AB792A/
save path:          /NGS/humangenomics/active/2022/run/ont_human_workflow//results/01-ont-guppy-gpu/AB792A/
chunk size:         2000
chunks per runner:  412
minimum qscore:     9
records per file:   4000
num basecallers:    4
gpu device:         cuda:0,1
kernel path:        
runners per device: 4

alignment file:     /NGS/clinicalgenomics/public_data/encode/GRCh38/GRCh38_no_alt_analysis_set_GCA_000001405.15.fasta
alignment type:     auto

Use of this software is permitted solely under the terms of the end user license agreement (EULA).
By running, copying or accessing this software, you are demonstrating your acceptance of the EULA.
The EULA may be found in /opt/admin/dsc/guppy-gpu/6.4.2/ont-guppy/bin
loading new index: /NGS/clinicalgenomics/public_data/encode/GRCh38/GRCh38_no_alt_analysis_set_GCA_000001405.15.fasta
Full alignment will be performed.
Found 3388 input read files to process.
Init time: 230052 ms

0%   10   20   30   40   50   60   70   80   90   100%
|----|----|----|----|----|----|----|----|----|----|
***************************************************
Caller time: 26473546 ms, Samples called: 134235313275, samples/s: 5.07055e+06
Finishing up any open output files.
Basecalling completed successfully.
